2024-02-07 16:13:23,003 - INFO - Last upper band for BNBUSDT: 303.9865183399973
Last lower band for BNBUSDT: 301.3204816600027
2024-02-07 16:13:23,003 - INFO - Last upper band for ETHUSDT: 2385.5236050858043
Last lower band for ETHUSDT: 2350.188394914196
2024-02-07 16:13:23,003 - INFO - Last upper band for BTCUSDT: 43284.2944881418
Last lower band for BTCUSDT: 42768.74551185821
2024-02-07 16:13:24,336 - INFO - Last upper band for BNBUSDT: 303.9865183399973
Last lower band for BNBUSDT: 301.3204816600027
2024-02-07 16:13:24,336 - INFO - Last upper band for BTCUSDT: 43284.2944881418
Last lower band for BTCUSDT: 42768.74551185821
2024-02-07 16:13:24,336 - INFO - Last upper band for ETHUSDT: 2385.5236050858043
Last lower band for ETHUSDT: 2350.188394914196
2024-02-07 16:13:25,657 - INFO - Last upper band for BNBUSDT: 303.9865183399973
Last lower band for BNBUSDT: 301.3204816600027
2024-02-07 16:13:25,658 - INFO - Last upper band for BTCUSDT: 43284.4536161864
Last lower band for BTCUSDT: 42768.35638381361
2024-02-07 16:13:25,658 - INFO - Last upper band for ETHUSDT: 2385.5232660339834
Last lower band for ETHUSDT: 2350.1897339660163
2024-02-07 16:13:26,987 - INFO - Last upper band for BNBUSDT: 303.9865183399973
Last lower band for BNBUSDT: 301.3204816600027
2024-02-07 16:13:26,987 - INFO - Last upper band for BTCUSDT: 43284.4536161864
Last lower band for BTCUSDT: 42768.35638381361
2024-02-07 16:13:26,987 - INFO - Last upper band for ETHUSDT: 2385.5232660339834
Last lower band for ETHUSDT: 2350.1897339660163
2024-02-07 16:13:28,316 - INFO - Last upper band for BTCUSDT: 43284.44661837223
Last lower band for BTCUSDT: 42768.373381627775
2024-02-07 16:13:28,316 - INFO - Last upper band for BNBUSDT: 303.9868465778297
Last lower band for BNBUSDT: 301.3211534221703
2024-02-07 16:13:28,316 - INFO - Last upper band for ETHUSDT: 2385.5232660339834
Last lower band for ETHUSDT: 2350.1897339660163
2024-02-07 16:13:29,640 - INFO - Last upper band for ETHUSDT: 2385.5236050858043
Last lower band for ETHUSDT: 2350.188394914196
2024-02-07 16:13:29,640 - INFO - Last upper band for BNBUSDT: 303.9868465778297
Last lower band for BNBUSDT: 301.3211534221703
2024-02-07 16:13:29,640 - INFO - Last upper band for BTCUSDT: 43284.44661837223
Last lower band for BTCUSDT: 42768.373381627775
2024-02-07 16:13:30,971 - INFO - Last upper band for BNBUSDT: 303.9868465778297
Last lower band for BNBUSDT: 301.3211534221703
2024-02-07 16:13:30,972 - INFO - Last upper band for ETHUSDT: 2385.5236050858043
Last lower band for ETHUSDT: 2350.188394914196
2024-02-07 16:13:30,972 - INFO - Last upper band for BTCUSDT: 43284.44661837223
Last lower band for BTCUSDT: 42768.373381627775
2024-02-07 16:13:32,306 - INFO - Last upper band for BNBUSDT: 303.9865183399973
Last lower band for BNBUSDT: 301.3204816600027
2024-02-07 16:13:32,306 - INFO - Last upper band for BTCUSDT: 43284.4536161864
Last lower band for BTCUSDT: 42768.35638381361
2024-02-07 16:13:32,306 - INFO - Last upper band for ETHUSDT: 2385.5236050858043
Last lower band for ETHUSDT: 2350.188394914196
2024-02-07 16:13:33,634 - INFO - Last upper band for BNBUSDT: 303.9859067962339
Last lower band for BNBUSDT: 301.31909320376604
2024-02-07 16:13:33,635 - INFO - Last upper band for BTCUSDT: 43284.4536161864
Last lower band for BTCUSDT: 42768.35638381361
2024-02-07 16:13:33,635 - INFO - Last upper band for ETHUSDT: 2385.5236050858043
Last lower band for ETHUSDT: 2350.188394914196
2024-02-07 16:13:34,969 - INFO - Last upper band for BNBUSDT: 303.9859067962339
Last lower band for BNBUSDT: 301.31909320376604
2024-02-07 16:13:34,969 - INFO - Last upper band for ETHUSDT: 2385.5236050858043
Last lower band for ETHUSDT: 2350.188394914196
2024-02-07 16:13:34,969 - INFO - Last upper band for BTCUSDT: 43284.4536161864
Last lower band for BTCUSDT: 42768.35638381361
2024-02-07 16:13:36,293 - INFO - Last upper band for BNBUSDT: 303.9859067962339
Last lower band for BNBUSDT: 301.31909320376604
2024-02-07 16:13:36,293 - INFO - Last upper band for ETHUSDT: 2385.5236050858043
Last lower band for ETHUSDT: 2350.188394914196
2024-02-07 16:13:36,294 - INFO - Last upper band for BTCUSDT: 43284.4536161864
Last lower band for BTCUSDT: 42768.35638381361
2024-02-07 16:13:37,624 - INFO - Last upper band for BNBUSDT: 303.9859067962339
Last lower band for BNBUSDT: 301.31909320376604
2024-02-07 16:13:37,624 - INFO - Last upper band for ETHUSDT: 2385.5232660339834
Last lower band for ETHUSDT: 2350.1897339660163
2024-02-07 16:13:37,624 - INFO - Last upper band for BTCUSDT: 43284.4536161864
Last lower band for BTCUSDT: 42768.35638381361
2024-02-07 16:13:38,962 - INFO - Last upper band for BNBUSDT: 303.9859067962339
Last lower band for BNBUSDT: 301.31909320376604
2024-02-07 16:13:38,962 - INFO - Last upper band for BTCUSDT: 43284.467633390654
Last lower band for BTCUSDT: 42768.322366609355
2024-02-07 16:13:38,962 - INFO - Last upper band for ETHUSDT: 2385.5232660339834
Last lower band for ETHUSDT: 2350.1897339660163
2024-02-07 16:13:40,283 - INFO - Last upper band for BNBUSDT: 303.9851017084365
Last lower band for BNBUSDT: 301.3168982915634
2024-02-07 16:13:40,283 - INFO - Last upper band for BTCUSDT: 43284.467633390654
Last lower band for BTCUSDT: 42768.322366609355
2024-02-07 16:13:40,283 - INFO - Last upper band for ETHUSDT: 2385.5232660339834
Last lower band for ETHUSDT: 2350.1897339660163
2024-02-07 16:13:40,768 - ERROR - Unclosed client session
client_session: <aiohttp.client.ClientSession object at 0x00000292E36CB510>
2024-02-07 16:13:40,768 - ERROR - Unclosed connector
connections: ['[(<aiohttp.client_proto.ResponseHandler object at 0x00000292E36D4590>, 457385.187)]', '[(<aiohttp.client_proto.ResponseHandler object at 0x00000292E36D48A0>, 457404.093), (<aiohttp.client_proto.ResponseHandler object at 0x00000292E36D4A60>, 457404.093), (<aiohttp.client_proto.ResponseHandler object at 0x00000292E36D4980>, 457404.109)]']
connector: <aiohttp.connector.TCPConnector object at 0x00000292E36CB590>
2024-02-07 20:47:07,609 - ERROR - Unclosed client session
client_session: <aiohttp.client.ClientSession object at 0x000002686BF922D0>
2024-02-07 20:47:07,609 - ERROR - Unclosed connector
connections: ['[(<aiohttp.client_proto.ResponseHandler object at 0x000002686BF5FA80>, 349795.906), (<aiohttp.client_proto.ResponseHandler object at 0x000002686BF5FC40>, 349795.906), (<aiohttp.client_proto.ResponseHandler object at 0x000002686BF5FB60>, 349795.906)]']
connector: <aiohttp.connector.TCPConnector object at 0x000002686BF92310>
2024-02-08 20:19:45,548 - ERROR - Unclosed client session
client_session: <aiohttp.client.ClientSession object at 0x7fb8d1879b40>
2024-02-08 20:19:45,550 - ERROR - Unclosed connector
connections: ['[(<aiohttp.client_proto.ResponseHandler object at 0x7fb8d189b1c0>, 370392.024682575)]', '[(<aiohttp.client_proto.ResponseHandler object at 0x7fb8d1914f40>, 370393.697622568), (<aiohttp.client_proto.ResponseHandler object at 0x7fb8d19151e0>, 370393.705345719), (<aiohttp.client_proto.ResponseHandler object at 0x7fb8d19153c0>, 370397.174612228)]']
connector: <aiohttp.connector.TCPConnector object at 0x7fb8d187a680>
