2024-04-29 13:47:11,870 - ERROR - APIError(code=-2015): Invalid API-key, IP, or permissions for action, request ip: 46.70.160.54
2024-04-29 13:47:11,870 - ERROR - APIError(code=-2015): Invalid API-key, IP, or permissions for action, request ip: 46.70.160.54
2024-06-06 17:14:33,945 - ERROR - APIError(code=-2015): Invalid API-key, IP, or permissions for action, request ip: 37.186.126.60
2024-06-12 13:48:43,627 - ERROR - APIError(code=-4001): Price less than 0.
2024-06-13 03:57:16,162 - ERROR - Error while monitoring current position: HTTPSConnectionPool(host='fapi.binance.com', port=443): Read timed out. (read timeout=10)--- Trying again...
2024-06-15 20:21:36,743 - ERROR - Error in generate_signal: name 'fetch_rsi_signal' is not defined
2024-06-15 20:25:47,814 - ERROR - Error in generate_signal: cannot unpack non-iterable NoneType object
2024-06-16 23:08:22,454 - ERROR - Error in generate_signal: relation "signals" does not exist
LINE 1: DELETE FROM signals
                    ^

2024-06-16 23:11:41,412 - ERROR - Error in generate_signal: relation "signals" does not exist
LINE 1: DELETE FROM signals
                    ^

2024-06-16 23:12:41,482 - ERROR - Error in generate_signal: relation "signals" does not exist
LINE 1: DELETE FROM signals
                    ^

2024-06-16 23:13:23,196 - ERROR - Error in generate_signal: relation "signals" does not exist
LINE 1: DELETE FROM signals
                    ^

2024-06-17 09:08:13,317 - ERROR - Error in generate_signal: '>' not supported between instances of 'str' and 'int'
2024-06-17 09:08:20,751 - ERROR - Error in generate_signal: '>' not supported between instances of 'str' and 'int'
2024-06-17 09:08:28,192 - ERROR - Error in generate_signal: '>' not supported between instances of 'str' and 'int'
2024-06-17 09:08:35,670 - ERROR - Error in generate_signal: '>' not supported between instances of 'str' and 'int'
2024-06-17 09:08:43,134 - ERROR - Error in generate_signal: '>' not supported between instances of 'str' and 'int'
2024-06-17 09:08:50,590 - ERROR - Error in generate_signal: '>' not supported between instances of 'str' and 'int'
2024-06-17 09:08:57,962 - ERROR - Error in generate_signal: '>' not supported between instances of 'str' and 'int'
2024-06-17 09:09:05,329 - ERROR - Error in generate_signal: '>' not supported between instances of 'str' and 'int'
2024-06-17 09:09:12,779 - ERROR - Error in generate_signal: '>' not supported between instances of 'str' and 'int'
2024-06-17 09:09:20,145 - ERROR - Error in generate_signal: '>' not supported between instances of 'str' and 'int'
2024-06-17 09:09:27,547 - ERROR - Error in generate_signal: '>' not supported between instances of 'str' and 'int'
2024-06-17 09:09:34,944 - ERROR - Error in generate_signal: '>' not supported between instances of 'str' and 'int'
2024-06-17 09:09:42,396 - ERROR - Error in generate_signal: '>' not supported between instances of 'str' and 'int'
2024-06-17 09:09:49,778 - ERROR - Error in generate_signal: '>' not supported between instances of 'str' and 'int'
2024-06-17 09:09:57,130 - ERROR - Error in generate_signal: '>' not supported between instances of 'str' and 'int'
2024-06-17 09:10:04,491 - ERROR - Error in generate_signal: '>' not supported between instances of 'str' and 'int'
2024-06-17 09:10:11,932 - ERROR - Error in generate_signal: '>' not supported between instances of 'str' and 'int'
2024-06-17 09:10:19,333 - ERROR - Error in generate_signal: '>' not supported between instances of 'str' and 'int'
2024-06-17 09:10:26,744 - ERROR - Error in generate_signal: '>' not supported between instances of 'str' and 'int'
2024-06-17 09:10:34,174 - ERROR - Error in generate_signal: '>' not supported between instances of 'str' and 'int'
2024-06-17 09:10:41,602 - ERROR - Error in generate_signal: '>' not supported between instances of 'str' and 'int'
2024-06-17 09:10:48,981 - ERROR - Error in generate_signal: '>' not supported between instances of 'str' and 'int'
2024-06-17 09:10:56,379 - ERROR - Error in generate_signal: '>' not supported between instances of 'str' and 'int'
2024-06-17 09:11:03,791 - ERROR - Error in generate_signal: '>' not supported between instances of 'str' and 'int'
2024-06-17 09:11:11,186 - ERROR - Error in generate_signal: '>' not supported between instances of 'str' and 'int'
2024-06-17 09:11:18,642 - ERROR - Error in generate_signal: '>' not supported between instances of 'str' and 'int'
2024-06-17 09:11:26,045 - ERROR - Error in generate_signal: '>' not supported between instances of 'str' and 'int'
2024-06-17 09:11:33,457 - ERROR - Error in generate_signal: '>' not supported between instances of 'str' and 'int'
2024-06-17 09:11:40,862 - ERROR - Error in generate_signal: '>' not supported between instances of 'str' and 'int'
2024-06-17 09:11:48,247 - ERROR - Error in generate_signal: '>' not supported between instances of 'str' and 'int'
2024-06-17 09:11:55,664 - ERROR - Error in generate_signal: '>' not supported between instances of 'str' and 'int'
2024-06-17 09:12:03,104 - ERROR - Error in generate_signal: '>' not supported between instances of 'str' and 'int'
2024-06-17 09:12:11,032 - ERROR - Error in generate_signal: '>' not supported between instances of 'str' and 'int'
2024-06-17 09:12:18,458 - ERROR - Error in generate_signal: '>' not supported between instances of 'str' and 'int'
2024-06-17 09:12:25,879 - ERROR - Error in generate_signal: '>' not supported between instances of 'str' and 'int'
2024-06-17 09:12:33,222 - ERROR - Error in generate_signal: '>' not supported between instances of 'str' and 'int'
2024-06-17 09:12:40,616 - ERROR - Error in generate_signal: '>' not supported between instances of 'str' and 'int'
2024-06-17 09:12:48,034 - ERROR - Error in generate_signal: '>' not supported between instances of 'str' and 'int'
2024-06-17 09:12:55,463 - ERROR - Error in generate_signal: '>' not supported between instances of 'str' and 'int'
2024-06-17 09:13:02,814 - ERROR - Error in generate_signal: '>' not supported between instances of 'str' and 'int'
2024-06-17 09:13:10,266 - ERROR - Error in generate_signal: '>' not supported between instances of 'str' and 'int'
2024-06-17 09:13:17,633 - ERROR - Error in generate_signal: '>' not supported between instances of 'str' and 'int'
2024-06-17 09:13:25,044 - ERROR - Error in generate_signal: '>' not supported between instances of 'str' and 'int'
2024-06-17 09:13:32,941 - ERROR - Error in generate_signal: '>' not supported between instances of 'str' and 'int'
2024-06-17 09:13:40,362 - ERROR - Error in generate_signal: '>' not supported between instances of 'str' and 'int'
2024-06-17 09:13:47,752 - ERROR - Error in generate_signal: '>' not supported between instances of 'str' and 'int'
2024-06-17 09:13:55,138 - ERROR - Error in generate_signal: '>' not supported between instances of 'str' and 'int'
2024-06-17 09:14:02,538 - ERROR - Error in generate_signal: '>' not supported between instances of 'str' and 'int'
2024-06-17 09:14:09,926 - ERROR - Error in generate_signal: '>' not supported between instances of 'str' and 'int'
2024-06-17 09:14:17,362 - ERROR - Error in generate_signal: '>' not supported between instances of 'str' and 'int'
2024-06-17 09:14:24,752 - ERROR - Error in generate_signal: '>' not supported between instances of 'str' and 'int'
2024-06-17 09:14:32,107 - ERROR - Error in generate_signal: '>' not supported between instances of 'str' and 'int'
2024-06-17 09:14:39,500 - ERROR - Error in generate_signal: '>' not supported between instances of 'str' and 'int'
2024-06-17 09:14:46,893 - ERROR - Error in generate_signal: '>' not supported between instances of 'str' and 'int'
2024-06-17 09:14:54,289 - ERROR - Error in generate_signal: '>' not supported between instances of 'str' and 'int'
2024-06-17 09:15:01,941 - ERROR - Error in generate_signal: '>' not supported between instances of 'str' and 'int'
2024-06-17 09:15:09,344 - ERROR - Error in generate_signal: '>' not supported between instances of 'str' and 'int'
2024-06-17 09:15:16,730 - ERROR - Error in generate_signal: '>' not supported between instances of 'str' and 'int'
2024-06-17 09:15:24,137 - ERROR - Error in generate_signal: '>' not supported between instances of 'str' and 'int'
2024-06-17 09:15:32,154 - ERROR - Error in generate_signal: '>' not supported between instances of 'str' and 'int'
2024-06-17 09:15:39,554 - ERROR - Error in generate_signal: '>' not supported between instances of 'str' and 'int'
2024-06-17 09:15:46,945 - ERROR - Error in generate_signal: '>' not supported between instances of 'str' and 'int'
2024-06-17 09:15:54,340 - ERROR - Error in generate_signal: '>' not supported between instances of 'str' and 'int'
2024-06-17 09:16:01,749 - ERROR - Error in generate_signal: '>' not supported between instances of 'str' and 'int'
2024-06-17 09:16:09,151 - ERROR - Error in generate_signal: '>' not supported between instances of 'str' and 'int'
2024-06-17 09:16:16,592 - ERROR - Error in generate_signal: '>' not supported between instances of 'str' and 'int'
2024-06-17 09:16:24,005 - ERROR - Error in generate_signal: '>' not supported between instances of 'str' and 'int'
2024-06-17 09:16:31,447 - ERROR - Error in generate_signal: '>' not supported between instances of 'str' and 'int'
2024-06-17 09:16:38,865 - ERROR - Error in generate_signal: '>' not supported between instances of 'str' and 'int'
2024-06-17 09:16:46,296 - ERROR - Error in generate_signal: '>' not supported between instances of 'str' and 'int'
2024-06-17 09:16:53,716 - ERROR - Error in generate_signal: '>' not supported between instances of 'str' and 'int'
2024-06-17 09:17:01,146 - ERROR - Error in generate_signal: '>' not supported between instances of 'str' and 'int'
2024-06-17 09:17:08,578 - ERROR - Error in generate_signal: '>' not supported between instances of 'str' and 'int'
2024-06-17 09:17:15,956 - ERROR - Error in generate_signal: '>' not supported between instances of 'str' and 'int'
2024-06-17 09:17:23,342 - ERROR - Error in generate_signal: '>' not supported between instances of 'str' and 'int'
2024-06-17 09:17:30,704 - ERROR - Error in generate_signal: '>' not supported between instances of 'str' and 'int'
2024-06-17 09:17:38,087 - ERROR - Error in generate_signal: '>' not supported between instances of 'str' and 'int'
2024-06-17 09:17:45,462 - ERROR - Error in generate_signal: '>' not supported between instances of 'str' and 'int'
2024-06-17 09:17:52,879 - ERROR - Error in generate_signal: '>' not supported between instances of 'str' and 'int'
2024-06-17 09:18:00,243 - ERROR - Error in generate_signal: '>' not supported between instances of 'str' and 'int'
2024-06-17 09:18:07,656 - ERROR - Error in generate_signal: '>' not supported between instances of 'str' and 'int'
2024-06-17 09:18:15,073 - ERROR - Error in generate_signal: '>' not supported between instances of 'str' and 'int'
2024-06-17 09:18:22,441 - ERROR - Error in generate_signal: '>' not supported between instances of 'str' and 'int'
2024-06-17 09:18:29,808 - ERROR - Error in generate_signal: '>' not supported between instances of 'str' and 'int'
2024-06-17 09:18:37,207 - ERROR - Error in generate_signal: '>' not supported between instances of 'str' and 'int'
2024-06-17 09:18:44,611 - ERROR - Error in generate_signal: '>' not supported between instances of 'str' and 'int'
2024-06-17 09:18:51,988 - ERROR - Error in generate_signal: '>' not supported between instances of 'str' and 'int'
2024-06-17 09:18:59,338 - ERROR - Error in generate_signal: '>' not supported between instances of 'str' and 'int'
2024-06-17 09:19:06,716 - ERROR - Error in generate_signal: '>' not supported between instances of 'str' and 'int'
2024-06-17 09:19:14,119 - ERROR - Error in generate_signal: '>' not supported between instances of 'str' and 'int'
2024-06-17 09:19:21,476 - ERROR - Error in generate_signal: '>' not supported between instances of 'str' and 'int'
2024-06-17 09:19:28,869 - ERROR - Error in generate_signal: '>' not supported between instances of 'str' and 'int'
2024-06-17 09:19:36,284 - ERROR - Error in generate_signal: '>' not supported between instances of 'str' and 'int'
2024-06-17 09:19:43,668 - ERROR - Error in generate_signal: '>' not supported between instances of 'str' and 'int'
2024-06-17 09:19:51,043 - ERROR - Error in generate_signal: '>' not supported between instances of 'str' and 'int'
2024-06-17 09:19:58,468 - ERROR - Error in generate_signal: '>' not supported between instances of 'str' and 'int'
2024-06-17 09:20:05,887 - ERROR - Error in generate_signal: '>' not supported between instances of 'str' and 'int'
2024-06-17 09:20:13,274 - ERROR - Error in generate_signal: '>' not supported between instances of 'str' and 'int'
2024-06-17 09:20:20,680 - ERROR - Error in generate_signal: '>' not supported between instances of 'str' and 'int'
2024-06-17 09:20:28,093 - ERROR - Error in generate_signal: '>' not supported between instances of 'str' and 'int'
2024-06-17 09:20:35,474 - ERROR - Error in generate_signal: '>' not supported between instances of 'str' and 'int'
2024-06-17 09:20:42,869 - ERROR - Error in generate_signal: '>' not supported between instances of 'str' and 'int'
2024-06-17 09:20:50,321 - ERROR - Error in generate_signal: '>' not supported between instances of 'str' and 'int'
2024-06-17 09:20:57,802 - ERROR - Error in generate_signal: '>' not supported between instances of 'str' and 'int'
2024-06-17 09:21:05,126 - ERROR - Error in generate_signal: '>' not supported between instances of 'str' and 'int'
2024-06-17 09:21:12,513 - ERROR - Error in generate_signal: '>' not supported between instances of 'str' and 'int'
2024-06-17 09:21:19,878 - ERROR - Error in generate_signal: '>' not supported between instances of 'str' and 'int'
2024-06-17 09:21:27,264 - ERROR - Error in generate_signal: '>' not supported between instances of 'str' and 'int'
2024-06-17 09:21:34,648 - ERROR - Error in generate_signal: '>' not supported between instances of 'str' and 'int'
2024-06-17 09:21:42,058 - ERROR - Error in generate_signal: '>' not supported between instances of 'str' and 'int'
2024-06-17 09:21:49,380 - ERROR - Error in generate_signal: '>' not supported between instances of 'str' and 'int'
2024-06-17 09:21:56,755 - ERROR - Error in generate_signal: '>' not supported between instances of 'str' and 'int'
2024-06-17 09:22:04,144 - ERROR - Error in generate_signal: '>' not supported between instances of 'str' and 'int'
2024-06-17 09:22:11,552 - ERROR - Error in generate_signal: '>' not supported between instances of 'str' and 'int'
2024-06-17 09:22:18,907 - ERROR - Error in generate_signal: '>' not supported between instances of 'str' and 'int'
2024-06-17 09:22:26,258 - ERROR - Error in generate_signal: '>' not supported between instances of 'str' and 'int'
2024-06-17 09:22:33,636 - ERROR - Error in generate_signal: '>' not supported between instances of 'str' and 'int'
2024-06-17 09:22:41,555 - ERROR - Error in generate_signal: '>' not supported between instances of 'str' and 'int'
2024-06-17 09:22:48,972 - ERROR - Error in generate_signal: '>' not supported between instances of 'str' and 'int'
2024-06-17 09:22:56,412 - ERROR - Error in generate_signal: '>' not supported between instances of 'str' and 'int'
2024-06-17 09:23:03,863 - ERROR - Error in generate_signal: '>' not supported between instances of 'str' and 'int'
2024-06-17 09:23:11,225 - ERROR - Error in generate_signal: '>' not supported between instances of 'str' and 'int'
2024-06-17 09:23:18,675 - ERROR - Error in generate_signal: '>' not supported between instances of 'str' and 'int'
2024-06-17 09:23:26,067 - ERROR - Error in generate_signal: '>' not supported between instances of 'str' and 'int'
2024-06-17 09:23:33,463 - ERROR - Error in generate_signal: '>' not supported between instances of 'str' and 'int'
2024-06-17 09:23:42,278 - ERROR - Error in generate_signal: '>' not supported between instances of 'str' and 'int'
2024-06-17 09:23:49,677 - ERROR - Error in generate_signal: '>' not supported between instances of 'str' and 'int'
2024-06-17 09:23:57,099 - ERROR - Error in generate_signal: '>' not supported between instances of 'str' and 'int'
2024-06-17 09:25:24,384 - ERROR - Error in generate_signal: '>' not supported between instances of 'str' and 'int'
2024-06-17 09:35:21,558 - ERROR - Error in generate_signal: '>' not supported between instances of 'str' and 'int'
2024-06-17 10:05:57,540 - ERROR - Error in generate_signal: DataBase.clean_db() missing 1 required positional argument: 'table_name'
2024-06-17 10:53:51,021 - ERROR - Error in generate_signal: DataBase.clean_db() missing 1 required positional argument: 'table_name'
2024-06-17 10:54:28,582 - ERROR - Error in generate_signal: DataBase.clean_db() missing 1 required positional argument: 'table_name'
2024-06-17 10:54:36,014 - ERROR - Error in generate_signal: DataBase.clean_db() missing 1 required positional argument: 'table_name'
2024-06-17 10:54:43,388 - ERROR - Error in generate_signal: DataBase.clean_db() missing 1 required positional argument: 'table_name'
2024-06-17 10:54:50,803 - ERROR - Error in generate_signal: DataBase.clean_db() missing 1 required positional argument: 'table_name'
2024-06-17 10:54:58,255 - ERROR - Error in generate_signal: DataBase.clean_db() missing 1 required positional argument: 'table_name'
2024-06-17 10:55:05,707 - ERROR - Error in generate_signal: DataBase.clean_db() missing 1 required positional argument: 'table_name'
2024-06-17 10:55:13,123 - ERROR - Error in generate_signal: DataBase.clean_db() missing 1 required positional argument: 'table_name'
2024-06-17 10:55:20,635 - ERROR - Error in generate_signal: DataBase.clean_db() missing 1 required positional argument: 'table_name'
2024-06-17 10:55:28,052 - ERROR - Error in generate_signal: DataBase.clean_db() missing 1 required positional argument: 'table_name'
2024-06-17 10:55:35,457 - ERROR - Error in generate_signal: DataBase.clean_db() missing 1 required positional argument: 'table_name'
2024-06-17 10:55:42,876 - ERROR - Error in generate_signal: DataBase.clean_db() missing 1 required positional argument: 'table_name'
2024-06-17 10:55:50,272 - ERROR - Error in generate_signal: DataBase.clean_db() missing 1 required positional argument: 'table_name'
2024-06-17 10:55:58,735 - ERROR - Error in generate_signal: DataBase.clean_db() missing 1 required positional argument: 'table_name'
2024-06-17 10:56:06,131 - ERROR - Error in generate_signal: DataBase.clean_db() missing 1 required positional argument: 'table_name'
2024-06-17 10:56:13,592 - ERROR - Error in generate_signal: DataBase.clean_db() missing 1 required positional argument: 'table_name'
2024-06-17 10:56:21,020 - ERROR - Error in generate_signal: DataBase.clean_db() missing 1 required positional argument: 'table_name'
2024-06-17 10:56:31,464 - ERROR - Error in generate_signal: relation "maticusdt" does not exist
LINE 1: DELETE FROM MATICUSDT
                    ^

2024-06-17 12:15:24,627 - ERROR - Error in generate_signal: binance GET https://api.binance.com/api/v3/exchangeInfo
2024-06-17 12:15:34,899 - ERROR - Error in generate_signal: binance GET https://api.binance.com/api/v3/exchangeInfo
2024-06-17 12:15:45,938 - ERROR - Error in generate_signal: binance GET https://api.binance.com/api/v3/exchangeInfo
2024-06-17 12:23:03,336 - ERROR - Error in generate_signal: binance does not have market symbol MATICUST
2024-06-17 12:23:10,714 - ERROR - Error in generate_signal: binance does not have market symbol MATICUST
2024-06-17 12:23:18,089 - ERROR - Error in generate_signal: binance does not have market symbol MATICUST
2024-06-17 12:23:26,144 - ERROR - Error in generate_signal: binance does not have market symbol MATICUST
2024-06-17 12:23:33,552 - ERROR - Error in generate_signal: binance does not have market symbol MATICUST
2024-06-17 12:23:40,926 - ERROR - Error in generate_signal: binance does not have market symbol MATICUST
2024-06-17 12:23:48,310 - ERROR - Error in generate_signal: binance does not have market symbol MATICUST
2024-06-17 13:15:49,846 - ERROR - Error in generate_signal: 'signal'
