2024-04-21 22:02:37,313 - INFO - MATICUSDT Finished
2024-04-21 22:03:41,742 - INFO - MATICUSDT Finished
2024-04-21 22:33:50,892 - WARNING - Current checkpoint: --> 0.0 --> -10.0 --> Current Price 0.70930
2024-04-21 22:33:51,895 - WARNING - Current checkpoint: --> 0.0 --> -10.0 --> Current Price 0.70930
2024-04-21 22:33:52,915 - WARNING - Current checkpoint: --> 0.0 --> -7.892 --> Current Price 0.70930
2024-04-21 22:33:53,905 - WARNING - Current checkpoint: --> 0.0 --> -7.9079999999999995 --> Current Price 0.70920
2024-04-21 22:33:54,895 - WARNING - Current checkpoint: --> 0.0 --> -10.0 --> Current Price 0.70930
2024-04-21 22:33:55,910 - WARNING - Current checkpoint: --> 0.0 --> -7.91 --> Current Price 0.70930
2024-04-21 22:33:56,922 - WARNING - Current checkpoint: --> 0.0 --> -7.91 --> Current Price 0.70920
2024-04-21 22:33:57,913 - WARNING - Current checkpoint: --> 0.0 --> -7.763000000000001 --> Current Price 0.70920
2024-04-21 22:33:58,929 - WARNING - Current checkpoint: --> 0.0 --> -7.762 --> Current Price 0.70920
2024-04-21 22:33:59,913 - WARNING - Current checkpoint: --> 0.0 --> -7.762 --> Current Price 0.70930
2024-04-21 22:34:00,905 - WARNING - Current checkpoint: --> 0.0 --> -7.762 --> Current Price 0.70920
2024-04-21 22:34:01,892 - WARNING - Current checkpoint: --> 0.0 --> -7.762 --> Current Price 0.70920
2024-04-21 22:34:02,899 - WARNING - Current checkpoint: --> 0.0 --> -7.762 --> Current Price 0.70920
2024-04-21 22:34:03,880 - WARNING - Current checkpoint: --> 0.0 --> -11.078000000000001 --> Current Price 0.70920
2024-04-21 22:34:04,870 - WARNING - Current checkpoint: --> 0.0 --> -11.078000000000001 --> Current Price 0.70920
2024-04-21 22:34:05,862 - WARNING - Current checkpoint: --> 0.0 --> -11.079 --> Current Price 0.70920
2024-04-21 22:34:06,842 - WARNING - Current checkpoint: --> 0.0 --> -11.078000000000001 --> Current Price 0.70920
2024-04-21 22:34:07,869 - WARNING - Current checkpoint: --> 0.0 --> -11.078000000000001 --> Current Price 0.70920
2024-04-21 22:34:08,892 - WARNING - Current checkpoint: --> 0.0 --> -11.078000000000001 --> Current Price 0.70920
2024-04-21 22:34:09,878 - WARNING - Current checkpoint: --> 0.0 --> -10.439 --> Current Price 0.70920
2024-04-21 22:34:10,875 - WARNING - Current checkpoint: --> 0.0 --> -10.439 --> Current Price 0.70920
2024-04-21 22:34:11,908 - WARNING - Current checkpoint: --> 0.0 --> -12.016 --> Current Price 0.70920
2024-04-21 22:34:12,927 - WARNING - Current checkpoint: --> 0.0 --> -12.016 --> Current Price 0.70920
2024-04-21 22:34:13,925 - WARNING - Current checkpoint: --> 0.0 --> -6.753000000000001 --> Current Price 0.70920
2024-04-21 22:34:14,907 - WARNING - Current checkpoint: --> 0.0 --> -5.955 --> Current Price 0.70920
2024-04-21 22:34:15,897 - WARNING - Current checkpoint: --> 0.0 --> -20.0 --> Current Price 0.70920
2024-04-21 22:34:16,885 - WARNING - Current checkpoint: --> 0.0 --> -20.0 --> Current Price 0.70920
2024-04-21 22:34:17,907 - WARNING - Current checkpoint: --> 0.0 --> -20.0 --> Current Price 0.70920
2024-04-21 22:34:18,894 - WARNING - Current checkpoint: --> 0.0 --> -20.0 --> Current Price 0.70920
2024-04-21 22:34:19,891 - WARNING - Current checkpoint: --> 0.0 --> -20.0 --> Current Price 0.70940
2024-04-21 22:34:20,897 - WARNING - Current checkpoint: --> 0.0 --> -30.0 --> Current Price 0.70940
2024-04-21 22:34:21,877 - WARNING - Current checkpoint: --> 0.0 --> -11.262 --> Current Price 0.70940
2024-04-21 22:34:22,862 - WARNING - Current checkpoint: --> 0.0 --> 10.0 --> Current Price 0.70940
2024-04-21 22:34:23,951 - WARNING - Current checkpoint: --> 16 --> 16.046 --> Current Price 0.70940
2024-04-21 22:34:25,180 - WARNING - Current checkpoint: --> 20 --> 20.0 --> Current Price 0.70950
2024-04-21 22:34:26,408 - WARNING - Current checkpoint: --> 20 --> 0.0 --> Current Price 0.70950
2024-04-21 22:34:26,409 - INFO - Closing Position with Profit
2024-04-21 22:34:29,014 - INFO - MATICUSDT Finished
2024-04-21 23:04:38,026 - WARNING - Current checkpoint: --> 0.0 --> 0.0 --> Current Price 0.71190
2024-04-21 23:04:39,021 - WARNING - Current checkpoint: --> 0.0 --> -10.0 --> Current Price 0.71190
2024-04-21 23:04:40,019 - WARNING - Current checkpoint: --> 0.0 --> -10.0 --> Current Price 0.71190
2024-04-21 23:04:41,012 - WARNING - Current checkpoint: --> 0.0 --> -10.0 --> Current Price 0.71190
2024-04-21 23:04:42,005 - WARNING - Current checkpoint: --> 0.0 --> -10.0 --> Current Price 0.71190
2024-04-21 23:04:42,999 - WARNING - Current checkpoint: --> 0.0 --> -10.0 --> Current Price 0.71190
2024-04-21 23:04:43,996 - WARNING - Current checkpoint: --> 0.0 --> 0.0 --> Current Price 0.71190
2024-04-21 23:04:44,988 - WARNING - Current checkpoint: --> 0.0 --> 0.0 --> Current Price 0.71200
2024-04-21 23:04:46,836 - WARNING - Current checkpoint: --> 0.0 --> 0.0 --> Current Price 0.71200
2024-04-21 23:04:47,847 - WARNING - Current checkpoint: --> 0.0 --> 0.0 --> Current Price 0.71190
2024-04-21 23:04:48,843 - WARNING - Current checkpoint: --> 0.0 --> 0.0 --> Current Price 0.71190
2024-04-21 23:04:49,833 - WARNING - Current checkpoint: --> 0.0 --> 0.0 --> Current Price 0.71190
2024-04-21 23:04:50,845 - WARNING - Current checkpoint: --> 0.0 --> 0.0 --> Current Price 0.71190
2024-04-21 23:04:51,835 - WARNING - Current checkpoint: --> 0.0 --> 4.367 --> Current Price 0.71180
2024-04-21 23:04:52,823 - WARNING - Current checkpoint: --> 0.0 --> 4.369 --> Current Price 0.71190
2024-04-21 23:04:53,817 - WARNING - Current checkpoint: --> 0.0 --> 4.369 --> Current Price 0.71180
2024-04-21 23:04:54,810 - WARNING - Current checkpoint: --> 0.0 --> 26.094 --> Current Price 0.71180
2024-04-21 23:04:55,804 - WARNING - Current checkpoint: --> 0.0 --> 30.0 --> Current Price 0.71180
2024-04-21 23:04:56,796 - WARNING - Current checkpoint: --> 0.0 --> 30.0 --> Current Price 0.71160
2024-04-21 23:04:57,801 - WARNING - Current checkpoint: --> 0.0 --> 30.0 --> Current Price 0.71180
2024-04-21 23:04:58,788 - WARNING - Current checkpoint: --> 0.0 --> 30.0 --> Current Price 0.71160
2024-04-21 23:04:59,779 - WARNING - Current checkpoint: --> 0.0 --> 30.0 --> Current Price 0.71160
2024-04-21 23:05:00,802 - WARNING - Current checkpoint: --> 0.0 --> 30.0 --> Current Price 0.71160
2024-04-21 23:05:01,795 - WARNING - Current checkpoint: --> 0.0 --> 30.0 --> Current Price 0.71160
2024-04-21 23:05:02,787 - WARNING - Current checkpoint: --> 0.0 --> 30.0 --> Current Price 0.71160
2024-04-21 23:05:03,779 - WARNING - Current checkpoint: --> 0.0 --> 30.0 --> Current Price 0.71160
2024-04-21 23:05:04,775 - WARNING - Current checkpoint: --> 0.0 --> 39.92 --> Current Price 0.71160
2024-04-21 23:05:05,771 - WARNING - Current checkpoint: --> 0.0 --> 39.918 --> Current Price 0.71160
2024-04-21 23:05:06,768 - WARNING - Current checkpoint: --> 0.0 --> 30.0 --> Current Price 0.71160
2024-04-21 23:05:07,763 - WARNING - Current checkpoint: --> 0.0 --> 30.0 --> Current Price 0.71160
2024-04-21 23:05:08,762 - WARNING - Current checkpoint: --> 0.0 --> 30.0 --> Current Price 0.71160
2024-04-21 23:05:09,755 - WARNING - Current checkpoint: --> 0.0 --> 30.0 --> Current Price 0.71150
2024-04-21 23:05:10,748 - WARNING - Current checkpoint: --> 0.0 --> 30.0 --> Current Price 0.71160
2024-04-21 23:05:11,740 - WARNING - Current checkpoint: --> 12 --> 12.696 --> Current Price 0.71160
2024-04-21 23:05:12,727 - WARNING - Current checkpoint: --> 12 --> 11.848 --> Current Price 0.71160
2024-04-21 23:05:12,727 - INFO - Closing Position with Profit
2024-04-21 23:05:15,349 - INFO - MATICUSDT Finished
2024-04-22 00:45:00,403 - INFO - MATICUSDT Finished
2024-04-22 00:47:50,030 - INFO - MATICUSDT Finished
2024-04-22 01:17:59,053 - WARNING - Current checkpoint: --> 0.0 --> 10.0 --> Current Price 0.71870
2024-04-22 01:18:00,098 - WARNING - Current checkpoint: --> 0.0 --> 10.0 --> Current Price 0.71870
2024-04-22 01:18:01,087 - WARNING - Current checkpoint: --> 0.0 --> 10.0 --> Current Price 0.71880
2024-04-22 01:18:02,075 - WARNING - Current checkpoint: --> 20 --> 20.0 --> Current Price 0.71880
2024-04-22 01:18:03,060 - WARNING - Current checkpoint: --> 20 --> 24.212999999999997 --> Current Price 0.71880
2024-04-22 01:18:03,060 - INFO - Closing Position with Profit
2024-04-22 01:18:05,133 - INFO - MATICUSDT Finished
2024-04-22 01:48:14,057 - WARNING - Current checkpoint: --> 0.0 --> -6.467 --> Current Price 0.71440
2024-04-22 01:48:15,053 - WARNING - Current checkpoint: --> 0.0 --> -6.469 --> Current Price 0.71430
2024-04-22 01:48:16,043 - WARNING - Current checkpoint: --> 0.0 --> 0.0 --> Current Price 0.71430
2024-04-22 01:48:17,049 - WARNING - Current checkpoint: --> 0.0 --> 0.0 --> Current Price 0.71430
2024-04-22 01:48:18,032 - WARNING - Current checkpoint: --> 0.0 --> 0.0 --> Current Price 0.71430
2024-04-22 01:48:19,013 - WARNING - Current checkpoint: --> 0.0 --> 0.0 --> Current Price 0.71430
2024-04-22 01:48:19,998 - WARNING - Current checkpoint: --> 0.0 --> 5.263999999999999 --> Current Price 0.71430
2024-04-22 01:48:20,980 - WARNING - Current checkpoint: --> 0.0 --> 4.723 --> Current Price 0.71430
2024-04-22 01:48:21,966 - WARNING - Current checkpoint: --> 0.0 --> 4.721 --> Current Price 0.71420
2024-04-22 01:48:22,950 - WARNING - Current checkpoint: --> 0.0 --> 4.723 --> Current Price 0.71430
2024-04-22 01:48:23,942 - WARNING - Current checkpoint: --> 0.0 --> 4.721 --> Current Price 0.71430
2024-04-22 01:48:24,952 - WARNING - Current checkpoint: --> 0.0 --> 4.721 --> Current Price 0.71420
2024-04-22 01:48:26,180 - WARNING - Current checkpoint: --> 0.0 --> 4.721 --> Current Price 0.71420
2024-04-22 01:48:27,307 - WARNING - Current checkpoint: --> 0.0 --> 3.883 --> Current Price 0.71420
2024-04-22 01:48:28,365 - WARNING - Current checkpoint: --> 0.0 --> 3.883 --> Current Price 0.71420
2024-04-22 01:48:29,560 - WARNING - Current checkpoint: --> 0.0 --> 3.881 --> Current Price 0.71420
2024-04-22 01:48:30,686 - WARNING - Current checkpoint: --> 0.0 --> 3.883 --> Current Price 0.71420
2024-04-22 01:48:31,673 - WARNING - Current checkpoint: --> 0.0 --> -0.9970000000000001 --> Current Price 0.71420
2024-04-22 01:48:32,666 - WARNING - Current checkpoint: --> 0.0 --> -0.9970000000000001 --> Current Price 0.71420
2024-04-22 01:48:33,860 - WARNING - Current checkpoint: --> 0.0 --> -0.9970000000000001 --> Current Price 0.71420
2024-04-22 01:48:34,987 - WARNING - Current checkpoint: --> 0.0 --> -0.9970000000000001 --> Current Price 0.71410
2024-04-22 01:48:36,215 - WARNING - Current checkpoint: --> 0.0 --> -0.9970000000000001 --> Current Price 0.71420
2024-04-22 01:48:37,444 - WARNING - Current checkpoint: --> 0.0 --> -0.7200000000000001 --> Current Price 0.71420
2024-04-22 01:48:38,653 - WARNING - Current checkpoint: --> 0.0 --> -0.719 --> Current Price 0.71420
2024-04-22 01:48:39,799 - WARNING - Current checkpoint: --> 0.0 --> -0.7200000000000001 --> Current Price 0.71420
2024-04-22 01:48:40,926 - WARNING - Current checkpoint: --> 0.0 --> -0.7200000000000001 --> Current Price 0.71420
2024-04-22 01:48:42,052 - WARNING - Current checkpoint: --> 0.0 --> -0.719 --> Current Price 0.71420
2024-04-22 01:48:43,178 - WARNING - Current checkpoint: --> 0.0 --> -0.7200000000000001 --> Current Price 0.71420
2024-04-22 01:48:44,305 - WARNING - Current checkpoint: --> 0.0 --> 3.633 --> Current Price 0.71420
2024-04-22 01:48:45,534 - WARNING - Current checkpoint: --> 0.0 --> -0.9129999999999999 --> Current Price 0.71410
2024-04-22 01:48:46,653 - WARNING - Current checkpoint: --> 0.0 --> 2.392 --> Current Price 0.71410
2024-04-22 01:48:47,703 - WARNING - Current checkpoint: --> 0.0 --> 2.392 --> Current Price 0.71410
2024-04-22 01:48:48,913 - WARNING - Current checkpoint: --> 0.0 --> 2.6679999999999997 --> Current Price 0.71410
2024-04-22 01:48:50,244 - WARNING - Current checkpoint: --> 0.0 --> 2.6679999999999997 --> Current Price 0.71410
2024-04-22 01:48:51,389 - WARNING - Current checkpoint: --> 0.0 --> 2.6679999999999997 --> Current Price 0.71420
2024-04-22 01:48:52,512 - WARNING - Current checkpoint: --> 0.0 --> 2.6679999999999997 --> Current Price 0.71420
2024-04-22 01:48:53,664 - WARNING - Current checkpoint: --> 0.0 --> 10.0 --> Current Price 0.71420
2024-04-22 01:48:54,643 - WARNING - Current checkpoint: --> 0.0 --> 10.0 --> Current Price 0.71420
2024-04-22 01:48:55,978 - WARNING - Current checkpoint: --> 0.0 --> 10.0 --> Current Price 0.71420
2024-04-22 01:48:57,207 - WARNING - Current checkpoint: --> 0.0 --> 10.0 --> Current Price 0.71420
2024-04-22 01:48:58,436 - WARNING - Current checkpoint: --> 0.0 --> 10.0 --> Current Price 0.71420
2024-04-22 01:48:59,664 - WARNING - Current checkpoint: --> 0.0 --> 10.0 --> Current Price 0.71420
2024-04-22 01:49:00,893 - WARNING - Current checkpoint: --> 0.0 --> 10.0 --> Current Price 0.71420
2024-04-22 01:49:01,954 - WARNING - Current checkpoint: --> 12 --> 13.664000000000001 --> Current Price 0.71420
2024-04-22 01:49:03,093 - WARNING - Current checkpoint: --> 12 --> 13.665999999999999 --> Current Price 0.71410
2024-04-22 01:49:04,100 - WARNING - Current checkpoint: --> 12 --> 13.664000000000001 --> Current Price 0.71420
2024-04-22 01:49:05,217 - WARNING - Current checkpoint: --> 12 --> 13.491 --> Current Price 0.71410
2024-04-22 01:49:06,339 - WARNING - Current checkpoint: --> 12 --> 13.491 --> Current Price 0.71410
2024-04-22 01:49:07,467 - WARNING - Current checkpoint: --> 12 --> 13.493 --> Current Price 0.71410
2024-04-22 01:49:08,573 - WARNING - Current checkpoint: --> 12 --> 13.493 --> Current Price 0.71420
2024-04-22 01:49:09,699 - WARNING - Current checkpoint: --> 12 --> 13.59 --> Current Price 0.71410
2024-04-22 01:49:10,742 - WARNING - Current checkpoint: --> 12 --> 10.0 --> Current Price 0.71410
2024-04-22 01:49:10,742 - INFO - Closing Position with Profit
2024-04-22 01:49:13,387 - INFO - MATICUSDT Finished
2024-04-22 02:19:22,983 - WARNING - Current checkpoint: --> 0.0 --> -20.0 --> Current Price 0.71690
2024-04-22 02:19:23,964 - WARNING - Current checkpoint: --> 0.0 --> -30.0 --> Current Price 0.71690
2024-04-22 02:19:25,023 - WARNING - Current checkpoint: --> 0.0 --> -20.0 --> Current Price 0.71680
2024-04-22 02:19:26,046 - WARNING - Current checkpoint: --> 0.0 --> -17.397 --> Current Price 0.71690
2024-04-22 02:19:27,028 - WARNING - Current checkpoint: --> 0.0 --> -17.397 --> Current Price 0.71680
2024-04-22 02:19:28,064 - WARNING - Current checkpoint: --> 0.0 --> -21.49 --> Current Price 0.71710
2024-04-22 02:19:29,043 - WARNING - Current checkpoint: --> 0.0 --> -30.0 --> Current Price 0.71700
2024-04-22 02:19:30,024 - WARNING - Current checkpoint: --> 0.0 --> -30.0 --> Current Price 0.71700
2024-04-22 02:19:31,003 - WARNING - Current checkpoint: --> 0.0 --> -22.169 --> Current Price 0.71700
2024-04-22 02:19:31,979 - WARNING - Current checkpoint: --> 0.0 --> -21.656000000000002 --> Current Price 0.71700
2024-04-22 02:19:32,967 - WARNING - Current checkpoint: --> 0.0 --> -21.531000000000002 --> Current Price 0.71700
2024-04-22 02:19:33,944 - WARNING - Current checkpoint: --> 0.0 --> -20.301 --> Current Price 0.71700
2024-04-22 02:19:34,915 - WARNING - Current checkpoint: --> 0.0 --> -20.301 --> Current Price 0.71680
2024-04-22 02:19:35,893 - WARNING - Current checkpoint: --> 0.0 --> -18.388 --> Current Price 0.71680
2024-04-22 02:19:36,871 - WARNING - Current checkpoint: --> 0.0 --> -18.386 --> Current Price 0.71680
2024-04-22 02:19:37,844 - WARNING - Current checkpoint: --> 0.0 --> -15.661000000000001 --> Current Price 0.71710
2024-04-22 02:19:38,818 - WARNING - Current checkpoint: --> 0.0 --> -15.661000000000001 --> Current Price 0.71680
2024-04-22 02:19:39,818 - WARNING - Current checkpoint: --> 0.0 --> -15.661000000000001 --> Current Price 0.71680
2024-04-22 02:19:40,795 - WARNING - Current checkpoint: --> 0.0 --> -13.695 --> Current Price 0.71680
2024-04-22 02:19:41,769 - WARNING - Current checkpoint: --> 0.0 --> -10.968 --> Current Price 0.71680
2024-04-22 02:19:42,760 - WARNING - Current checkpoint: --> 0.0 --> -1.229 --> Current Price 0.71680
2024-04-22 02:19:43,802 - WARNING - Current checkpoint: --> 0.0 --> 11.357000000000001 --> Current Price 0.71680
2024-04-22 02:19:44,780 - WARNING - Current checkpoint: --> 0.0 --> 6.178999999999999 --> Current Price 0.71680
2024-04-22 02:19:45,768 - WARNING - Current checkpoint: --> 0.0 --> 6.178999999999999 --> Current Price 0.71640
2024-04-22 02:19:46,741 - WARNING - Current checkpoint: --> 0.0 --> 2.826 --> Current Price 0.71640
2024-04-22 02:19:47,727 - WARNING - Current checkpoint: --> 0.0 --> 2.285 --> Current Price 0.71640
2024-04-22 02:19:48,709 - WARNING - Current checkpoint: --> 0.0 --> 2.285 --> Current Price 0.71640
2024-04-22 02:19:49,682 - WARNING - Current checkpoint: --> 0.0 --> 11.376000000000001 --> Current Price 0.71640
2024-04-22 02:19:50,657 - WARNING - Current checkpoint: --> 20 --> 21.375 --> Current Price 0.71660
2024-04-22 02:19:51,642 - WARNING - Current checkpoint: --> 20 --> 21.375999999999998 --> Current Price 0.71660
2024-04-22 02:19:52,629 - WARNING - Current checkpoint: --> 20 --> 23.735 --> Current Price 0.71640
2024-04-22 02:19:52,629 - INFO - Closing Position with Profit
2024-04-22 02:19:54,917 - INFO - MATICUSDT Finished
