2024-04-19 11:38:30,324 - INFO - Bot started
2024-04-19 11:38:30,324 - INFO - Waiting for price signals...
2024-04-19 11:38:30,324 - INFO - Reading config file
2024-04-19 11:38:30,374 - INFO - Processing symbol {'symbol': 'MATICUSDT', 'position_size': 10}
2024-04-19 11:38:30,374 - INFO - Processing symbol {'symbol': 'ADAUSDT', 'position_size': 30}
2024-04-19 11:38:32,123 - INFO - Waiting for trade finished...
2024-04-19 11:41:06,076 - INFO - Bot started
2024-04-19 11:41:06,076 - INFO - Waiting for price signals...
2024-04-19 11:41:06,076 - INFO - Reading config file
2024-04-19 11:41:06,127 - INFO - Processing symbol {'symbol': 'MATICUSDT', 'position_size': 10}
2024-04-19 11:41:06,127 - INFO - Processing symbol {'symbol': 'ADAUSDT', 'position_size': 30}
2024-04-19 11:41:07,884 - INFO - Waiting for trade finished...
2024-04-19 11:41:43,759 - INFO - Bot started
2024-04-19 11:41:43,760 - INFO - Waiting for price signals...
2024-04-19 11:41:43,760 - INFO - Reading config file
2024-04-19 11:41:43,811 - INFO - Processing symbol {'symbol': 'MATICUSDT', 'position_size': 10}
2024-04-19 11:41:43,811 - INFO - Processing symbol {'symbol': 'ADAUSDT', 'position_size': 30}
2024-04-19 11:41:45,465 - INFO - Waiting for trade finished...
2024-04-19 11:43:06,806 - INFO - Bot started
2024-04-19 11:43:06,806 - INFO - Waiting for price signals...
2024-04-19 11:43:06,806 - INFO - Reading config file
2024-04-19 11:43:06,859 - INFO - Processing symbol {'symbol': 'MATICUSDT', 'position_size': 10}
2024-04-19 11:43:06,859 - INFO - Processing symbol {'symbol': 'ADAUSDT', 'position_size': 30}
2024-04-19 11:43:08,711 - INFO - Waiting for trade finished...
2024-04-19 11:44:49,510 - INFO - Bot started
2024-04-19 11:44:49,510 - INFO - Waiting for price signals...
2024-04-19 11:44:49,510 - INFO - Reading config file
2024-04-19 11:44:49,560 - INFO - Processing symbol {'symbol': 'MATICUSDT', 'position_size': 10}
2024-04-19 11:44:49,560 - INFO - Processing symbol {'symbol': 'ADAUSDT', 'position_size': 30}
2024-04-19 11:44:51,223 - INFO - Waiting for trade finished...
2024-04-19 11:53:11,100 - INFO - Trade for MATICUSDT was finished
2024-04-19 11:53:11,100 - INFO - Finished trade for symbol MATICUSDT
2024-04-19 11:53:11,100 - INFO - Cleaning log file.
2024-04-19 12:23:11,165 - INFO - Waiting for price signals...
2024-04-19 12:23:11,166 - INFO - Reading config file
2024-04-19 12:23:11,294 - INFO - Processing symbol {'symbol': 'MATICUSDT', 'position_size': 10}
2024-04-19 12:23:11,295 - INFO - Processing symbol {'symbol': 'ADAUSDT', 'position_size': 30}
2024-04-19 12:23:12,896 - INFO - Waiting for trade finished...
2024-04-20 15:30:28,957 - INFO - Bot started
2024-04-20 15:30:28,957 - INFO - Waiting for price signals...
2024-04-20 15:30:28,957 - INFO - Reading config file
2024-04-20 15:30:29,011 - INFO - Processing symbol {'symbol': 'MATICUSDT', 'position_size': 10}
2024-04-20 15:30:29,011 - INFO - Processing symbol {'symbol': 'ADAUSDT', 'position_size': 30}
2024-04-20 15:30:31,256 - INFO - Waiting for trade finished...
2024-04-20 15:33:16,593 - INFO - Trade for ADAUSDT was finished
2024-04-20 15:33:16,593 - INFO - Trade for ADAUSDT was finished
2024-04-20 15:33:16,593 - INFO - Finished trade for symbol ADAUSDT
2024-04-20 15:33:16,593 - INFO - Finished trade for symbol ADAUSDT
2024-04-20 15:33:16,593 - INFO - Cleaning log file.
2024-04-20 15:33:16,593 - INFO - Cleaning log file.
2024-04-20 16:03:16,688 - INFO - Waiting for price signals...
2024-04-20 16:03:16,688 - INFO - Reading config file
2024-04-20 16:03:16,692 - INFO - Waiting for price signals...
2024-04-20 16:03:16,692 - INFO - Reading config file
2024-04-20 16:03:16,745 - INFO - Processing symbol {'symbol': 'ADAUSDT', 'position_size': 30}
2024-04-20 16:03:16,745 - INFO - Processing symbol {'symbol': 'MATICUSDT', 'position_size': 10}
2024-04-20 16:03:16,824 - INFO - Processing symbol {'symbol': 'MATICUSDT', 'position_size': 10}
2024-04-20 16:03:16,824 - INFO - Processing symbol {'symbol': 'ADAUSDT', 'position_size': 30}
2024-04-20 16:03:18,469 - INFO - Waiting for trade finished...
2024-04-20 16:03:18,482 - INFO - Waiting for trade finished...
2024-04-20 16:48:42,727 - INFO - Trade for MATICUSDT was finished
2024-04-20 16:48:42,727 - INFO - Trade for MATICUSDT was finished
2024-04-20 16:48:42,727 - INFO - Finished trade for symbol MATICUSDT
2024-04-20 16:48:42,727 - INFO - Finished trade for symbol MATICUSDT
2024-04-20 16:48:42,727 - INFO - Cleaning log file.
2024-04-20 16:48:42,727 - INFO - Cleaning log file.
2024-04-20 17:18:42,748 - INFO - Waiting for price signals...
2024-04-20 17:18:42,748 - INFO - Reading config file
2024-04-20 17:18:42,797 - INFO - Processing symbol {'symbol': 'MATICUSDT', 'position_size': 10}
2024-04-20 17:18:42,797 - INFO - Processing symbol {'symbol': 'ADAUSDT', 'position_size': 30}
2024-04-20 17:18:42,824 - INFO - Waiting for price signals...
2024-04-20 17:18:42,824 - INFO - Reading config file
2024-04-20 17:18:42,870 - INFO - Processing symbol {'symbol': 'ADAUSDT', 'position_size': 30}
2024-04-20 17:18:42,870 - INFO - Processing symbol {'symbol': 'MATICUSDT', 'position_size': 10}
2024-04-20 17:18:44,679 - INFO - Waiting for trade finished...
2024-04-20 17:18:44,713 - INFO - Waiting for trade finished...
2024-04-21 00:57:42,310 - INFO - Bot started
2024-04-21 00:57:42,310 - INFO - Waiting for price signals...
2024-04-21 00:57:42,311 - INFO - Reading config file
2024-04-21 00:57:42,362 - INFO - Processing symbol {'symbol': 'MATICUSDT', 'position_size': 10}
2024-04-21 00:57:44,270 - INFO - Waiting for trade finished...
2024-04-21 01:26:55,530 - INFO - Trade for MATICUSDT was finished
2024-04-21 01:26:55,530 - INFO - Trade for MATICUSDT was finished
2024-04-21 01:26:55,530 - INFO - Finished trade for symbol MATICUSDT
2024-04-21 01:26:55,530 - INFO - Finished trade for symbol MATICUSDT
2024-04-21 01:26:55,530 - INFO - Cleaning log file.
2024-04-21 01:26:55,530 - INFO - Cleaning log file.
2024-04-21 01:56:55,630 - INFO - Waiting for price signals...
2024-04-21 01:56:55,631 - INFO - Reading config file
2024-04-21 01:56:55,631 - INFO - Waiting for price signals...
2024-04-21 01:56:55,631 - INFO - Reading config file
2024-04-21 01:56:55,684 - INFO - Processing symbol {'symbol': 'MATICUSDT', 'position_size': 100}
2024-04-21 01:56:55,762 - INFO - Processing symbol {'symbol': 'MATICUSDT', 'position_size': 100}
2024-04-21 01:56:57,319 - INFO - Waiting for trade finished...
2024-04-21 01:56:57,417 - INFO - Waiting for trade finished...
2024-04-21 01:58:02,036 - INFO - Trade for MATICUSDT was finished
2024-04-21 01:58:02,036 - INFO - Trade for MATICUSDT was finished
2024-04-21 01:58:02,036 - INFO - Finished trade for symbol MATICUSDT
2024-04-21 01:58:02,036 - INFO - Finished trade for symbol MATICUSDT
2024-04-21 01:58:02,036 - INFO - Cleaning log file.
2024-04-21 01:58:02,036 - INFO - Cleaning log file.
2024-04-21 02:28:02,136 - INFO - Waiting for price signals...
2024-04-21 02:28:02,136 - INFO - Waiting for price signals...
2024-04-21 02:28:02,136 - INFO - Reading config file
2024-04-21 02:28:02,137 - INFO - Reading config file
2024-04-21 02:28:02,186 - INFO - Processing symbol {'symbol': 'MATICUSDT', 'position_size': 100}
2024-04-21 02:28:02,188 - INFO - Processing symbol {'symbol': 'MATICUSDT', 'position_size': 100}
2024-04-21 02:28:03,863 - INFO - Waiting for trade finished...
2024-04-21 02:28:03,863 - INFO - Trade for MATICUSDT was finished
2024-04-21 02:28:03,863 - INFO - Finished trade for symbol MATICUSDT
2024-04-21 02:28:03,863 - INFO - Cleaning log file.
2024-04-21 02:28:03,874 - INFO - Waiting for trade finished...
2024-04-21 02:58:03,960 - INFO - Waiting for price signals...
2024-04-21 02:58:03,960 - INFO - Reading config file
2024-04-21 02:58:04,011 - INFO - Processing symbol {'symbol': 'MATICUSDT', 'position_size': 100}
2024-04-21 02:58:05,635 - INFO - Waiting for trade finished...
2024-04-21 11:06:08,912 - INFO - Bot started
2024-04-21 11:06:08,912 - INFO - Waiting for price signals...
2024-04-21 11:06:08,912 - INFO - Reading config file
2024-04-21 11:06:08,965 - INFO - Processing symbol {'symbol': 'MATICUSDT', 'position_size': 100}
2024-04-21 11:06:10,854 - INFO - Waiting for trade finished...
2024-04-21 11:53:05,798 - INFO - Bot started
2024-04-21 11:53:05,798 - INFO - Waiting for price signals...
2024-04-21 11:53:05,798 - INFO - Reading config file
2024-04-21 11:53:05,850 - INFO - Processing symbol {'symbol': 'MATICUSDT', 'position_size': 100}
2024-04-21 11:53:07,573 - INFO - Waiting for trade finished...
2024-04-21 13:33:22,295 - INFO - Bot started
2024-04-21 13:33:22,295 - INFO - Waiting for price signals...
2024-04-21 13:33:22,295 - INFO - Reading config file
2024-04-21 13:33:22,348 - INFO - Processing symbol {'symbol': 'MATICUSDT', 'position_size': 100}
2024-04-21 13:33:24,262 - INFO - Waiting for trade finished...
2024-04-21 15:53:10,229 - INFO - Bot started
2024-04-21 15:53:10,229 - INFO - Waiting for price signals...
2024-04-21 15:53:10,229 - INFO - Reading config file
2024-04-21 15:53:10,280 - INFO - Processing symbol {'symbol': 'MATICUSDT', 'position_size': 100}
2024-04-21 15:53:11,995 - INFO - Waiting for trade finished...
2024-04-21 15:54:40,457 - INFO - Trade for MATICUSDT was finished
2024-04-21 15:54:40,457 - INFO - Finished trade for symbol MATICUSDT
2024-04-21 15:54:40,457 - INFO - Cleaning log file.
2024-04-21 15:57:15,963 - INFO - Bot started
2024-04-21 15:57:15,963 - INFO - Waiting for price signals...
2024-04-21 15:57:15,963 - INFO - Reading config file
2024-04-21 15:57:16,016 - INFO - Processing symbol {'symbol': 'MATICUSDT', 'position_size': 100}
2024-04-21 15:57:28,138 - INFO - Bot started
2024-04-21 15:57:28,139 - INFO - Waiting for price signals...
2024-04-21 15:57:28,139 - INFO - Reading config file
2024-04-21 15:57:28,190 - INFO - Processing symbol {'symbol': 'MATICUSDT', 'position_size': 100}
2024-04-21 15:57:29,684 - INFO - Waiting for trade finished...
2024-04-21 16:16:32,166 - INFO - Trade for MATICUSDT was finished
2024-04-21 16:16:32,166 - INFO - Finished trade for symbol MATICUSDT
2024-04-21 16:16:32,166 - INFO - Cleaning log file.
2024-04-21 16:46:32,216 - INFO - Waiting for price signals...
2024-04-21 16:46:32,216 - INFO - Reading config file
2024-04-21 16:46:32,344 - INFO - Processing symbol {'symbol': 'MATICUSDT', 'position_size': 100}
2024-04-21 16:46:34,124 - INFO - Waiting for trade finished...
2024-04-21 21:43:38,977 - INFO - Bot started
2024-04-21 21:43:38,977 - INFO - Waiting for price signals...
2024-04-21 21:43:38,977 - INFO - Reading config file
2024-04-21 21:44:03,061 - INFO - Bot started
2024-04-21 21:44:03,061 - INFO - Waiting for price signals...
2024-04-21 21:44:03,061 - INFO - Reading config file
2024-04-21 21:46:23,449 - INFO - Bot started
2024-04-21 21:46:23,449 - INFO - Waiting for price signals...
2024-04-21 21:46:23,449 - INFO - Reading config file
2024-04-21 21:46:23,535 - INFO - Processing symbol {'symbol': 'MATICUSDT', 'position_size': 100}
2024-04-21 21:46:25,122 - INFO - Waiting for trade finished...
2024-04-21 21:48:08,803 - INFO - Bot started
2024-04-21 21:48:08,803 - INFO - Waiting for price signals...
2024-04-21 21:48:08,803 - INFO - Reading config file
2024-04-21 21:48:08,885 - INFO - Processing symbol {'symbol': 'MATICUSDT', 'position_size': 100}
2024-04-21 21:48:10,596 - INFO - Waiting for trade finished...
2024-04-21 21:49:47,353 - INFO - Bot started
2024-04-21 21:49:47,353 - INFO - Waiting for price signals...
2024-04-21 21:49:47,353 - INFO - Reading config file
2024-04-21 21:49:47,465 - INFO - Processing symbol {'symbol': 'MATICUSDT', 'position_size': 100}
2024-04-21 21:49:48,305 - INFO - Waiting for trade finished...
2024-04-21 21:49:59,470 - INFO - Trade for MATICUSDT was finished
2024-04-21 21:49:59,470 - INFO - Finished trade for symbol MATICUSDT
2024-04-21 21:49:59,470 - INFO - Cleaning log file.
2024-04-21 21:51:48,340 - INFO - Bot started
2024-04-21 21:51:48,341 - INFO - Waiting for price signals...
2024-04-21 21:51:48,341 - INFO - Reading config file
2024-04-21 21:51:48,469 - INFO - Processing symbol {'symbol': 'MATICUSDT', 'position_size': 100}
2024-04-21 21:51:50,080 - INFO - Waiting for trade finished...
2024-04-21 21:51:50,080 - INFO - Trade for MATICUSDT was finished
2024-04-21 21:51:50,080 - INFO - Finished trade for symbol MATICUSDT
2024-04-21 21:51:50,080 - INFO - Cleaning log file.
2024-04-21 21:53:18,071 - INFO - Bot started
2024-04-21 21:53:18,071 - INFO - Waiting for price signals...
2024-04-21 21:53:18,071 - INFO - Reading config file
2024-04-21 21:53:18,173 - INFO - Processing symbol {'symbol': 'MATICUSDT', 'position_size': 100}
2024-04-21 21:53:19,815 - INFO - Waiting for trade finished...
2024-04-21 21:53:47,979 - INFO - Trade for MATICUSDT was finished
2024-04-21 21:53:47,979 - INFO - Finished trade for symbol MATICUSDT
2024-04-21 21:53:47,980 - INFO - Cleaning log file.
2024-04-21 21:54:14,178 - INFO - Bot started
2024-04-21 21:54:14,179 - INFO - Waiting for price signals...
2024-04-21 21:54:14,179 - INFO - Reading config file
2024-04-21 21:54:14,285 - INFO - Processing symbol {'symbol': 'MATICUSDT', 'position_size': 100}
2024-04-21 21:54:15,862 - INFO - Waiting for trade finished...
2024-04-21 21:54:28,218 - INFO - Trade for MATICUSDT was finished
2024-04-21 21:54:28,218 - INFO - Finished trade for symbol MATICUSDT
2024-04-21 21:54:28,218 - INFO - Cleaning log file.
2024-04-21 21:56:05,776 - INFO - Bot started
2024-04-21 21:56:05,776 - INFO - Waiting for price signals...
2024-04-21 21:56:05,776 - INFO - Reading config file
2024-04-21 21:56:05,869 - INFO - Processing symbol {'symbol': 'MATICUSDT', 'position_size': 100}
2024-04-21 21:56:07,573 - INFO - Waiting for trade finished...
2024-04-21 22:00:38,632 - INFO - Bot started
2024-04-21 22:00:38,632 - INFO - Waiting for price signals...
2024-04-21 22:00:38,632 - INFO - Reading config file
2024-04-21 22:00:38,733 - INFO - Processing symbol {'symbol': 'MATICUSDT', 'position_size': 100}
2024-04-21 22:00:39,674 - INFO - Waiting for trade finished...
2024-04-21 22:00:55,067 - INFO - Trade for MATICUSDT was finished
2024-04-21 22:00:55,067 - INFO - Finished trade for symbol MATICUSDT
2024-04-21 22:00:55,067 - INFO - Cleaning log file.
2024-04-21 22:02:16,985 - INFO - Bot started
2024-04-21 22:02:16,985 - INFO - Waiting for price signals...
2024-04-21 22:02:16,985 - INFO - Reading config file
2024-04-21 22:02:17,036 - INFO - Processing symbol {'symbol': 'MATICUSDT', 'position_size': 100}
2024-04-21 22:02:18,832 - INFO - Waiting for trade finished...
2024-04-21 22:02:37,313 - INFO - Trade for MATICUSDT was finished
2024-04-21 22:02:37,313 - INFO - Finished trade for symbol MATICUSDT
2024-04-21 22:02:37,313 - INFO - Cleaning log file.
2024-04-21 22:03:04,684 - INFO - Bot started
2024-04-21 22:03:04,684 - INFO - Waiting for price signals...
2024-04-21 22:03:04,684 - INFO - Reading config file
2024-04-21 22:03:04,736 - INFO - Processing symbol {'symbol': 'MATICUSDT', 'position_size': 1000}
2024-04-21 22:03:06,354 - INFO - Waiting for trade finished...
2024-04-21 22:03:41,742 - INFO - Trade for MATICUSDT was finished
2024-04-21 22:03:41,742 - INFO - Finished trade for symbol MATICUSDT
2024-04-21 22:03:41,742 - INFO - Cleaning log file.
2024-04-21 22:33:41,840 - INFO - Waiting for price signals...
2024-04-21 22:33:41,840 - INFO - Reading config file
2024-04-21 22:33:41,971 - INFO - Processing symbol {'symbol': 'MATICUSDT', 'position_size': 1000}
2024-04-21 22:33:43,629 - INFO - Waiting for trade finished...
2024-04-21 22:34:29,014 - INFO - Trade for MATICUSDT was finished
2024-04-21 22:34:29,014 - INFO - Finished trade for symbol MATICUSDT
2024-04-21 22:34:29,014 - INFO - Cleaning log file.
2024-04-21 23:04:29,115 - INFO - Waiting for price signals...
2024-04-21 23:04:29,115 - INFO - Reading config file
2024-04-21 23:04:29,163 - INFO - Processing symbol {'symbol': 'MATICUSDT', 'position_size': 1000}
2024-04-21 23:04:30,726 - INFO - Waiting for trade finished...
2024-04-21 23:05:15,349 - INFO - Trade for MATICUSDT was finished
2024-04-21 23:05:15,350 - INFO - Finished trade for symbol MATICUSDT
2024-04-21 23:05:15,350 - INFO - Cleaning log file.
2024-04-21 23:35:15,448 - INFO - Waiting for price signals...
2024-04-21 23:35:15,448 - INFO - Reading config file
2024-04-21 23:35:15,497 - INFO - Processing symbol {'symbol': 'MATICUSDT', 'position_size': 1000}
2024-04-21 23:35:17,091 - INFO - Waiting for trade finished...
2024-04-22 00:40:14,928 - INFO - Bot started
2024-04-22 00:40:14,928 - INFO - Waiting for price signals...
2024-04-22 00:40:14,928 - INFO - Reading config file
2024-04-22 00:40:14,981 - INFO - Processing symbol {'symbol': 'MATICUSDT', 'position_size': 1000}
2024-04-22 00:40:16,814 - INFO - Waiting for trade finished...
2024-04-22 00:44:29,877 - INFO - Bot started
2024-04-22 00:44:29,878 - INFO - Waiting for price signals...
2024-04-22 00:44:29,878 - INFO - Reading config file
2024-04-22 00:44:29,930 - INFO - Processing symbol {'symbol': 'MATICUSDT', 'position_size': 1000}
2024-04-22 00:44:31,676 - INFO - Waiting for trade finished...
2024-04-22 00:45:00,403 - INFO - Trade for MATICUSDT was finished
2024-04-22 00:45:00,403 - INFO - Finished trade for symbol MATICUSDT
2024-04-22 00:45:00,403 - INFO - Cleaning log file.
2024-04-22 00:46:22,664 - INFO - Bot started
2024-04-22 00:46:22,664 - INFO - Waiting for price signals...
2024-04-22 00:46:22,664 - INFO - Reading config file
2024-04-22 00:46:22,715 - INFO - Processing symbol {'symbol': 'MATICUSDT', 'position_size': 100}
2024-04-22 00:46:23,914 - INFO - Waiting for trade finished...
2024-04-22 00:47:50,030 - INFO - Trade for MATICUSDT was finished
2024-04-22 00:47:50,030 - INFO - Finished trade for symbol MATICUSDT
2024-04-22 00:47:50,030 - INFO - Cleaning log file.
2024-04-22 01:17:50,130 - INFO - Waiting for price signals...
2024-04-22 01:17:50,130 - INFO - Reading config file
2024-04-22 01:17:50,263 - INFO - Processing symbol {'symbol': 'MATICUSDT', 'position_size': 100}
2024-04-22 01:17:52,063 - INFO - Waiting for trade finished...
2024-04-22 01:18:05,133 - INFO - Trade for MATICUSDT was finished
2024-04-22 01:18:05,133 - INFO - Finished trade for symbol MATICUSDT
2024-04-22 01:18:05,133 - INFO - Cleaning log file.
2024-04-22 01:48:05,233 - INFO - Waiting for price signals...
2024-04-22 01:48:05,233 - INFO - Reading config file
2024-04-22 01:48:05,281 - INFO - Processing symbol {'symbol': 'MATICUSDT', 'position_size': 100}
2024-04-22 01:48:07,003 - INFO - Waiting for trade finished...
2024-04-22 01:49:13,387 - INFO - Trade for MATICUSDT was finished
2024-04-22 01:49:13,388 - INFO - Finished trade for symbol MATICUSDT
2024-04-22 01:49:13,388 - INFO - Cleaning log file.
2024-04-22 02:19:13,488 - INFO - Waiting for price signals...
2024-04-22 02:19:13,488 - INFO - Reading config file
2024-04-22 02:19:13,537 - INFO - Processing symbol {'symbol': 'MATICUSDT', 'position_size': 100}
2024-04-22 02:19:15,842 - INFO - Waiting for trade finished...
2024-04-22 02:19:54,917 - INFO - Trade for MATICUSDT was finished
2024-04-22 02:19:54,917 - INFO - Finished trade for symbol MATICUSDT
2024-04-22 02:19:54,917 - INFO - Cleaning log file.
2024-04-22 02:49:54,988 - INFO - Waiting for price signals...
2024-04-22 02:49:54,988 - INFO - Reading config file
2024-04-22 02:49:55,039 - INFO - Processing symbol {'symbol': 'MATICUSDT', 'position_size': 100}
2024-04-22 02:49:56,898 - INFO - Waiting for trade finished...
2024-04-22 10:20:49,709 - INFO - Bot started
2024-04-22 10:20:49,709 - INFO - Waiting for price signals...
2024-04-22 10:20:49,710 - INFO - Reading config file
2024-04-22 10:20:49,763 - INFO - Processing symbol {'symbol': 'MATICUSDT', 'position_size': 100}
2024-04-22 10:20:51,720 - INFO - Waiting for trade finished...
2024-04-22 10:21:45,423 - INFO - Bot started
2024-04-22 10:21:45,423 - INFO - Waiting for price signals...
2024-04-22 10:21:45,423 - INFO - Reading config file
2024-04-22 10:21:45,479 - INFO - Processing symbol {'symbol': 'MATICUSDT', 'position_size': 100}
2024-04-22 10:21:47,315 - INFO - Waiting for trade finished...
2024-04-22 10:22:00,055 - INFO - Trade for MATICUSDT was finished
2024-04-22 10:22:00,055 - INFO - Finished trade for symbol MATICUSDT
2024-04-22 10:22:00,055 - INFO - Cleaning log file.
2024-04-23 08:57:41,665 - INFO - Bot started
2024-04-23 08:57:41,666 - INFO - Waiting for price signals...
2024-04-23 08:57:41,666 - INFO - Reading config file
2024-04-23 08:57:41,718 - INFO - Processing symbol {'symbol': 'MATICUSDT', 'position_size': 10}
2024-04-23 08:57:43,470 - INFO - Waiting for trade finished...
2024-04-23 09:49:31,627 - INFO - Bot started
2024-04-23 09:49:31,627 - INFO - Waiting for price signals...
2024-04-23 09:49:31,627 - INFO - Reading config file
2024-04-23 09:49:31,680 - INFO - Processing symbol {'symbol': 'MATICUSDT', 'position_size': 10}
2024-04-23 09:49:33,260 - INFO - Waiting for trade finished...
2024-04-23 12:46:47,752 - INFO - Bot started
2024-04-23 12:46:47,753 - INFO - Waiting for price signals...
2024-04-23 12:46:47,753 - INFO - Reading config file
2024-04-23 12:46:47,805 - INFO - Processing symbol {'symbol': 'MATICUSDT', 'position_size': 100}
2024-04-23 12:46:49,361 - INFO - Waiting for trade finished...
2024-04-23 12:48:10,099 - INFO - Bot started
2024-04-23 12:48:10,099 - INFO - Waiting for price signals...
2024-04-23 12:48:10,099 - INFO - Reading config file
2024-04-23 12:48:10,149 - INFO - Processing symbol {'symbol': 'MATICUSDT', 'position_size': 100}
2024-04-23 12:48:11,989 - INFO - Waiting for trade finished...
