2024-06-17 11:39:35,742 - WARNING - Starting Miya Beta 0.02
2024-06-17 12:23:00,951 - WARNING - Starting Miya Beta 0.02
2024-06-17 12:24:21,635 - WARNING - Starting Miya Beta 0.02
2024-06-17 12:24:55,347 - WARNING - Starting Miya Beta 0.02
2024-06-17 12:26:19,573 - WARNING - Starting Miya Beta 0.02
2024-06-17 12:39:21,524 - WARNING - Starting Miya Beta 0.02
2024-06-17 12:46:31,606 - WARNING - Starting Miya Beta 0.02
2024-06-17 13:12:41,762 - WARNING - Starting Miya Beta 0.02
2024-06-17 13:14:18,912 - WARNING - Starting Miya Beta 0.02
2024-06-17 13:15:47,119 - WARNING - Starting Miya Beta 0.02
2024-06-17 13:16:09,714 - WARNING - Starting Miya Beta 0.02
2024-06-17 13:17:55,556 - WARNING - Starting Miya Beta 0.02
2024-06-17 13:18:14,347 - WARNING - Starting Miya Beta 0.02
2024-06-17 13:18:39,842 - WARNING - Starting Miya Beta 0.07
2024-06-19 11:31:17,897 - WARNING - Starting trade. Symbol: MATICUSDT, Entry Price: 0.5707, Position Size: 33
2024-06-19 11:32:37,824 - WARNING - Starting Miya Beta 0.07
2024-06-19 11:36:07,670 - WARNING - Starting trade. Symbol: MATICUSDT, Entry Price: 0.5732, Position Size: 33
2024-06-19 11:39:48,265 - WARNING - Starting Miya Beta 0.07
2024-06-19 11:39:56,388 - WARNING - Starting trade. Symbol: MATICUSDT, Entry Price: 0.5742, Position Size: 33
2024-06-19 13:54:06,618 - WARNING - Starting Miya Beta 0.07
2024-06-19 13:54:14,747 - WARNING - Starting trade. Symbol: MATICUSDT, Entry Price: 0.5723, Position Size: 33
2024-06-19 14:45:06,162 - WARNING - Starting trade. Symbol: MATICUSDT, Entry Price: 0.5761, Position Size: 33
2024-06-19 14:49:44,521 - WARNING - Starting trade. Symbol: MATICUSDT, Entry Price: 0.5752, Position Size: 33
2024-06-19 14:50:09,260 - WARNING - Starting Miya Beta 0.07
2024-06-19 14:50:12,337 - WARNING - Starting trade. Symbol: MATICUSDT, Entry Price: 0.5754, Position Size: 33
2024-06-19 14:53:24,763 - WARNING - Starting trade. Symbol: MATICUSDT, Entry Price: 0.578, Position Size: 33
2024-06-19 14:54:25,300 - WARNING - Trade wasn't finished...too much time passed
2024-06-19 14:55:10,695 - WARNING - Starting trade. Symbol: MATICUSDT, Entry Price: 0.5768, Position Size: 33
2024-06-19 14:59:08,909 - WARNING - Starting Miya Beta 0.07
2024-06-19 14:59:16,880 - WARNING - Starting trade. Symbol: MATICUSDT, Entry Price: 0.5781, Position Size: 33
2024-06-19 15:04:28,483 - WARNING - Starting Miya Beta 0.07
2024-06-19 15:11:20,736 - WARNING - Starting trade. Symbol: MATICUSDT, Entry Price: 0.5747, Position Size: 33
2024-06-19 16:50:03,818 - WARNING - Starting trade. Symbol: MATICUSDT, Entry Price: 0.5737, Position Size: 33
2024-06-19 16:57:14,495 - WARNING - Starting trade. Symbol: MATICUSDT, Entry Price: 0.5748, Position Size: 33
2024-06-19 18:07:18,273 - WARNING - Starting trade. Symbol: MATICUSDT, Entry Price: 0.5718, Position Size: 33
2024-06-19 18:27:52,250 - WARNING - Starting trade. Symbol: MATICUSDT, Entry Price: 0.5674, Position Size: 33
2024-06-19 18:28:52,644 - WARNING - Trade wasn't finished...too much time passed
2024-06-19 19:14:14,790 - WARNING - Starting trade. Symbol: MATICUSDT, Entry Price: 0.5737, Position Size: 33
2024-06-19 20:29:20,711 - WARNING - Starting trade. Symbol: MATICUSDT, Entry Price: 0.5747, Position Size: 33
2024-06-19 21:13:12,952 - WARNING - Starting trade. Symbol: MATICUSDT, Entry Price: 0.5785, Position Size: 33
2024-06-19 21:21:24,595 - WARNING - Starting trade. Symbol: MATICUSDT, Entry Price: 0.5799, Position Size: 33
2024-06-20 00:27:19,917 - WARNING - Starting trade. Symbol: MATICUSDT, Entry Price: 0.5761, Position Size: 33
2024-06-20 00:28:20,286 - WARNING - Trade wasn't finished...too much time passed
2024-06-20 00:28:25,383 - WARNING - Starting trade. Symbol: MATICUSDT, Entry Price: 0.577, Position Size: 33
2024-06-20 00:38:19,621 - WARNING - Starting trade. Symbol: MATICUSDT, Entry Price: 0.5749, Position Size: 33
2024-06-20 00:57:35,456 - WARNING - Starting trade. Symbol: MATICUSDT, Entry Price: 0.5767, Position Size: 33
2024-06-20 00:58:35,782 - WARNING - Trade wasn't finished...too much time passed
2024-06-20 00:58:40,887 - WARNING - Starting trade. Symbol: MATICUSDT, Entry Price: 0.5773, Position Size: 33
2024-06-20 02:17:43,907 - WARNING - Starting trade. Symbol: MATICUSDT, Entry Price: 0.5797, Position Size: 33
2024-06-20 02:56:44,535 - WARNING - Starting trade. Symbol: MATICUSDT, Entry Price: 0.5781, Position Size: 33
2024-06-20 03:32:43,537 - WARNING - Starting trade. Symbol: MATICUSDT, Entry Price: 0.5743, Position Size: 33
2024-06-20 04:02:06,580 - WARNING - Starting trade. Symbol: MATICUSDT, Entry Price: 0.5751, Position Size: 33
2024-06-20 04:03:07,035 - WARNING - Trade wasn't finished...too much time passed
2024-06-20 04:04:48,179 - WARNING - Starting trade. Symbol: MATICUSDT, Entry Price: 0.5745, Position Size: 33
2024-06-20 04:16:24,450 - WARNING - Starting trade. Symbol: MATICUSDT, Entry Price: 0.5757, Position Size: 33
2024-06-20 04:19:36,177 - WARNING - Starting trade. Symbol: MATICUSDT, Entry Price: 0.5741, Position Size: 33
2024-06-20 04:21:43,059 - WARNING - Starting trade. Symbol: MATICUSDT, Entry Price: 0.5759, Position Size: 33
2024-06-20 04:24:26,062 - WARNING - Starting trade. Symbol: MATICUSDT, Entry Price: 0.5744, Position Size: 33
2024-06-20 04:36:27,466 - WARNING - Starting trade. Symbol: MATICUSDT, Entry Price: 0.5767, Position Size: 33
2024-06-20 04:39:27,322 - WARNING - Starting trade. Symbol: MATICUSDT, Entry Price: 0.5784, Position Size: 33
2024-06-20 04:46:58,294 - WARNING - Starting trade. Symbol: MATICUSDT, Entry Price: 0.5754, Position Size: 33
2024-06-20 04:47:58,681 - WARNING - Trade wasn't finished...too much time passed
2024-06-20 04:48:03,801 - WARNING - Starting trade. Symbol: MATICUSDT, Entry Price: 0.5741, Position Size: 33
2024-06-20 04:49:59,961 - WARNING - Starting trade. Symbol: MATICUSDT, Entry Price: 0.5758, Position Size: 33
2024-06-20 05:05:55,874 - WARNING - Starting trade. Symbol: MATICUSDT, Entry Price: 0.5752, Position Size: 33
2024-06-20 05:33:37,871 - WARNING - Starting trade. Symbol: MATICUSDT, Entry Price: 0.5837, Position Size: 33
2024-06-20 05:34:38,207 - WARNING - Trade wasn't finished...too much time passed
2024-06-20 05:53:19,487 - WARNING - Starting trade. Symbol: MATICUSDT, Entry Price: 0.5768, Position Size: 33
2024-06-20 05:55:49,313 - WARNING - Starting trade. Symbol: MATICUSDT, Entry Price: 0.5756, Position Size: 33
2024-06-20 07:46:27,851 - WARNING - Starting trade. Symbol: MATICUSDT, Entry Price: 0.5775, Position Size: 33
2024-06-20 07:47:28,310 - WARNING - Trade wasn't finished...too much time passed
2024-06-20 07:47:33,406 - WARNING - Starting trade. Symbol: MATICUSDT, Entry Price: 0.5778, Position Size: 33
2024-06-20 08:14:30,775 - WARNING - Starting trade. Symbol: MATICUSDT, Entry Price: 0.5749, Position Size: 33
2024-06-20 08:21:59,815 - WARNING - Starting trade. Symbol: MATICUSDT, Entry Price: 0.5766, Position Size: 33
2024-06-20 08:23:00,447 - WARNING - Trade wasn't finished...too much time passed
2024-06-20 08:23:05,514 - WARNING - Starting trade. Symbol: MATICUSDT, Entry Price: 0.5778, Position Size: 33
2024-06-20 08:34:00,087 - WARNING - Starting trade. Symbol: MATICUSDT, Entry Price: 0.5791, Position Size: 33
2024-06-20 08:45:49,699 - WARNING - Starting Miya Beta 0.07
2024-06-20 09:54:27,350 - WARNING - Starting trade. Symbol: MATICUSDT, Entry Price: 0.5839, Position Size: 33
2024-06-20 09:55:33,224 - WARNING - Starting trade. Symbol: MATICUSDT, Entry Price: 0.584, Position Size: 33
2024-06-20 10:11:29,354 - WARNING - Starting trade. Symbol: MATICUSDT, Entry Price: 0.5872, Position Size: 33
2024-06-20 11:03:21,631 - WARNING - Starting Miya Beta 0.07
2024-06-20 11:06:11,131 - WARNING - Starting trade. Symbol: MATICUSDT, Entry Price: 0.5872, Position Size: 33
2024-06-20 12:39:22,925 - WARNING - Starting trade. Symbol: MATICUSDT, Entry Price: 0.5895, Position Size: 33
2024-06-20 12:40:23,498 - WARNING - Trade wasn't finished...too much time passed
2024-06-20 12:40:28,603 - WARNING - Starting trade. Symbol: MATICUSDT, Entry Price: 0.5888, Position Size: 33
2024-06-20 13:38:34,218 - WARNING - Starting Miya Beta 0.07
2024-06-20 14:35:51,089 - WARNING - Starting trade. Symbol: MATICUSDT, Entry Price: 0.5906, Position Size: 33
2024-06-20 14:59:21,189 - WARNING - Starting trade. Symbol: MATICUSDT, Entry Price: 0.5942, Position Size: 33
2024-06-20 15:10:10,082 - WARNING - Starting Miya Beta 0.07
2024-06-20 15:10:19,508 - WARNING - Starting trade. Symbol: MATICUSDT, Entry Price: 0.5966, Position Size: 33
2024-06-20 15:11:19,969 - WARNING - Trade wasn't finished...too much time passed
2024-06-20 15:11:25,040 - WARNING - Starting trade. Symbol: MATICUSDT, Entry Price: 0.5963, Position Size: 33
2024-06-20 15:23:38,967 - WARNING - Starting Miya Beta 0.07
2024-06-20 15:37:43,886 - WARNING - Starting trade. Symbol: MATICUSDT, Entry Price: 0.5923, Position Size: 33
2024-06-20 15:38:44,356 - WARNING - Trade wasn't finished...too much time passed
2024-06-20 15:41:55,608 - WARNING - Starting trade. Symbol: MATICUSDT, Entry Price: 0.5919, Position Size: 33
2024-06-20 16:07:38,546 - WARNING - Starting Miya Beta 0.07
2024-06-20 17:17:41,920 - WARNING - Starting trade. Symbol: MATICUSDT, Entry Price: 0.5821, Position Size: 38
2024-06-24 10:12:28,753 - WARNING - Starting Miya Beta 0.07
2024-06-24 11:26:06,054 - WARNING - Starting trade. Symbol: MATICUSDT, Entry Price: 0.5513, Position Size: 38
2024-06-24 11:27:06,431 - WARNING - Trade wasn't finished...too much time passed
2024-06-24 11:28:11,597 - WARNING - Starting trade. Symbol: MATICUSDT, Entry Price: 0.5507, Position Size: 38
2024-06-20 20:04:43,784 - WARNING - Starting Miya Beta 0.07
2024-06-20 22:11:59,422 - WARNING - Starting Miya Beta 0.07
2024-06-21 07:27:06,121 - WARNING - Starting Miya Beta 0.07
2024-06-21 09:55:47,469 - WARNING - Starting Miya Beta 0.07
2024-06-21 09:56:30,193 - WARNING - Starting trade. Symbol: MATICUSDT, Entry Price: Buy, Position Size: 38
2024-06-21 09:56:53,202 - WARNING - Starting Miya Beta 0.07
2024-06-21 09:56:58,132 - WARNING - Starting trade. Symbol: MATICUSDT, Entry Price: Buy, Position Size: 38
2024-06-21 09:58:28,749 - WARNING - Starting Miya Beta 0.07
2024-06-21 09:58:34,922 - WARNING - Starting trade. Symbol: MATICUSDT, Entry Price: Buy, Position Size: 38
2024-06-21 10:00:25,400 - WARNING - Starting Miya Beta 0.07
2024-06-21 10:06:35,127 - WARNING - Starting Miya Beta 0.07
2024-06-21 10:36:15,314 - WARNING - Starting trade. Symbol: MATICUSDT, Entry Price: 0.57860000, Position Size: 38
2024-06-21 10:37:45,685 - WARNING - Starting Miya Beta 0.07
2024-06-21 16:13:01,680 - WARNING - Starting trade. Symbol: MATICUSDT, Entry Price: 0.57900000, Position Size: 38
2024-06-21 16:13:23,366 - WARNING - Starting Miya Beta 0.07
2024-06-21 16:13:39,042 - WARNING - Starting trade. Symbol: MATICUSDT, Entry Price: 0.57630000, Position Size: 38
2024-06-21 16:59:08,326 - WARNING - Starting Miya Beta 0.07
2024-06-21 17:00:48,690 - WARNING - Starting trade. Symbol: MATICUSDT, Entry Price: 0.57830000, Position Size: 38
2024-06-21 17:23:30,539 - WARNING - Starting Miya Beta 0.07
2024-06-21 17:24:01,164 - WARNING - Starting trade. Symbol: MATICUSDT, Entry Price: 0.57260000, Position Size: 38
2024-06-21 22:44:41,397 - WARNING - Starting Miya Beta 0.07
2024-06-24 14:20:20,710 - WARNING - Starting Miya Beta 0.1
2024-06-24 14:21:11,094 - WARNING - Starting Miya Beta 0.1
2024-06-24 14:21:25,236 - WARNING - Starting Miya Beta 0.1
2024-06-24 14:22:37,413 - WARNING - Starting Miya Beta 0.1
2024-06-24 14:22:55,478 - WARNING - Starting Miya Beta 0.1
2024-06-24 14:23:21,763 - WARNING - Starting Miya Beta 0.1
2024-06-24 14:28:44,931 - WARNING - Starting Miya Beta 0.1
2024-06-24 15:26:08,970 - WARNING - Starting trade. Symbol: MATICUSDT, Entry Price: 0.55140000, Position Size: 38
2024-06-24 15:27:09,401 - WARNING - Trade wasn't finished...too much time passed
2024-06-24 16:14:33,646 - WARNING - Starting trade. Symbol: MATICUSDT, Entry Price: 0.55450000, Position Size: 38
2024-06-24 16:15:34,021 - WARNING - Trade wasn't finished...too much time passed
2024-06-24 16:37:40,928 - WARNING - Starting trade. Symbol: MATICUSDT, Entry Price: 0.55180000, Position Size: 38
2024-06-24 16:53:47,502 - WARNING - Starting trade. Symbol: MATICUSDT, Entry Price: 0.55440000, Position Size: 38
2024-06-24 16:54:47,986 - WARNING - Trade wasn't finished...too much time passed
2024-06-24 16:54:58,100 - WARNING - Starting trade. Symbol: MATICUSDT, Entry Price: 0.55470000, Position Size: 38
2024-06-24 17:24:46,762 - WARNING - Starting trade. Symbol: MATICUSDT, Entry Price: 0.55470000, Position Size: 38
2024-06-24 18:42:54,537 - WARNING - Starting trade. Symbol: MATICUSDT, Entry Price: 0.55440000, Position Size: 38
2024-06-24 19:51:35,519 - WARNING - Starting trade. Symbol: MATICUSDT, Entry Price: 0.54650000, Position Size: 38
2024-06-24 19:52:35,883 - WARNING - Trade wasn't finished...too much time passed
2024-06-24 19:55:31,880 - WARNING - Starting trade. Symbol: MATICUSDT, Entry Price: 0.54640000, Position Size: 38
2024-06-24 20:14:44,800 - WARNING - Starting trade. Symbol: MATICUSDT, Entry Price: 0.55210000, Position Size: 38
2024-06-24 21:11:39,242 - WARNING - Starting trade. Symbol: MATICUSDT, Entry Price: 0.54780000, Position Size: 38
2024-06-24 21:12:39,850 - WARNING - Trade wasn't finished...too much time passed
2024-06-24 21:35:51,925 - WARNING - Starting trade. Symbol: MATICUSDT, Entry Price: 0.55090000, Position Size: 38
2024-06-24 21:41:40,270 - WARNING - Starting trade. Symbol: MATICUSDT, Entry Price: 0.55250000, Position Size: 38
2024-06-24 22:29:12,628 - WARNING - Starting trade. Symbol: MATICUSDT, Entry Price: 0.55430000, Position Size: 38
2024-06-25 00:07:30,383 - WARNING - Starting trade. Symbol: MATICUSDT, Entry Price: 0.55290000, Position Size: 38
2024-06-25 00:08:30,841 - WARNING - Trade wasn't finished...too much time passed
2024-06-25 00:08:35,888 - WARNING - Starting trade. Symbol: MATICUSDT, Entry Price: 0.55360000, Position Size: 38
2024-06-25 00:21:17,293 - WARNING - Starting trade. Symbol: MATICUSDT, Entry Price: 0.54980000, Position Size: 38
2024-06-25 00:22:17,824 - WARNING - Trade wasn't finished...too much time passed
2024-06-25 00:24:08,186 - WARNING - Starting trade. Symbol: MATICUSDT, Entry Price: 0.54980000, Position Size: 38
2024-06-25 00:28:38,424 - WARNING - Starting trade. Symbol: MATICUSDT, Entry Price: 0.54760000, Position Size: 38
2024-06-25 00:29:39,044 - WARNING - Trade wasn't finished...too much time passed
2024-06-25 00:30:44,208 - WARNING - Starting trade. Symbol: MATICUSDT, Entry Price: 0.54470000, Position Size: 38
2024-06-25 00:37:26,285 - WARNING - Starting trade. Symbol: MATICUSDT, Entry Price: 0.55100000, Position Size: 38
2024-06-25 01:32:57,691 - WARNING - Starting trade. Symbol: MATICUSDT, Entry Price: 0.55820000, Position Size: 38
2024-06-25 01:33:58,098 - WARNING - Trade wasn't finished...too much time passed
2024-06-25 01:35:03,265 - WARNING - Starting trade. Symbol: MATICUSDT, Entry Price: 0.55850000, Position Size: 38
2024-06-25 02:14:15,138 - WARNING - Starting trade. Symbol: MATICUSDT, Entry Price: 0.56040000, Position Size: 38
2024-06-25 02:15:15,557 - WARNING - Trade wasn't finished...too much time passed
2024-06-25 02:59:59,487 - WARNING - Starting trade. Symbol: MATICUSDT, Entry Price: 0.55710000, Position Size: 38
2024-06-25 12:39:57,460 - WARNING - Starting Miya Beta 0.1
2024-06-25 12:50:22,841 - WARNING - Starting Miya Beta 0.1
2024-06-26 11:39:44,641 - WARNING - Starting SMA21 signals testing
2024-06-26 11:42:04,441 - WARNING - Starting SMA21 signals testing
2024-06-26 11:42:22,333 - WARNING - Starting SMA21 signals testing
2024-06-26 11:42:46,922 - WARNING - Starting SMA21 signals testing
2024-06-26 11:44:29,815 - WARNING - Starting SMA21 signals testing
2024-06-26 11:44:54,761 - WARNING - Starting SMA21 signals testing
2024-06-26 13:01:42,328 - WARNING - Starting SMA21 signals testing
2024-06-26 13:02:10,603 - WARNING - Starting SMA21 signals testing
2024-06-26 13:02:50,364 - WARNING - Starting SMA21 signals testing
2024-06-26 13:03:06,212 - WARNING - Starting SMA21 signals testing
2024-06-26 13:10:45,945 - WARNING - Starting SMA21 signals testing
2024-06-26 14:33:12,696 - WARNING - Starting Miya Beta 0.1
2024-06-26 14:47:46,183 - WARNING - Starting Miya Beta 0.1
2024-06-27 11:44:04,117 - WARNING - Starting Miya Beta 0.1
2024-06-27 11:44:29,102 - WARNING - Starting Miya Beta 0.1
2024-06-27 11:59:30,157 - WARNING - Starting Miya Beta 0.1
2024-06-27 12:02:34,171 - WARNING - Starting Miya Beta 0.1
2024-06-27 12:05:08,052 - WARNING - Starting Miya Beta 0.1
2024-06-27 12:05:11,778 - WARNING - Starting trade. Symbol: MATICUSDT, Entry Price: 0.54630000, Position Size: 11
2024-06-27 12:08:03,482 - WARNING - Starting Miya Beta 0.1
2024-06-27 12:08:16,008 - WARNING - Starting trade. Symbol: MATICUSDT, Entry Price: 0.54630000, Position Size: 11
2024-06-27 20:34:07,138 - WARNING - Starting Miya Beta 0.1
2024-06-28 08:36:38,064 - WARNING - Starting Miya Beta 0.1
2024-06-28 09:01:21,446 - WARNING - Starting trade. Symbol: MATICUSDT, Entry Price: 0.56710000, Position Size: 11
2024-06-28 09:02:22,043 - WARNING - Trade wasn't finished...too much time passed
2024-06-28 09:03:27,139 - WARNING - Starting trade. Symbol: MATICUSDT, Entry Price: 0.56710000, Position Size: 11
2024-06-28 09:04:27,473 - WARNING - Trade wasn't finished...too much time passed
2024-06-28 09:05:32,575 - WARNING - Starting trade. Symbol: MATICUSDT, Entry Price: 0.56710000, Position Size: 11
2024-06-28 09:06:33,039 - WARNING - Trade wasn't finished...too much time passed
2024-06-28 09:07:40,450 - WARNING - Starting Miya Beta 0.1
2024-06-28 09:07:54,042 - WARNING - Starting trade. Symbol: MATICUSDT, Entry Price: 0.56710000, Position Size: 11
2024-06-28 09:08:54,688 - WARNING - Trade wasn't finished...too much time passed
2024-06-28 09:10:49,939 - WARNING - Starting trade. Symbol: MATICUSDT, Entry Price: 0.56710000, Position Size: 11
2024-06-28 09:11:50,431 - WARNING - Trade wasn't finished...too much time passed
2024-06-28 09:12:00,267 - WARNING - Starting Miya Beta 0.1
2024-06-28 09:12:02,777 - WARNING - Starting trade. Symbol: MATICUSDT, Entry Price: 0.56560000, Position Size: 11
2024-06-28 09:45:51,806 - WARNING - Starting Miya Beta 0.1
2024-06-28 06:29:05,338 - WARNING - Starting Miya Beta 0.1
2024-06-28 08:06:47,558 - WARNING - Starting Miya Beta 0.1
2024-06-28 08:18:27,592 - WARNING - Starting trade. Symbol: MATICUSDT, Entry Price: 0.56510000, Position Size: 11
2024-06-28 10:28:18,637 - WARNING - Starting Miya Beta 0.1
2024-06-28 12:30:54,160 - WARNING - Starting trade. Symbol: MATICUSDT, Entry Price: 0.56670000, Position Size: 11
2024-06-28 13:27:43,572 - WARNING - Starting trade. Symbol: MATICUSDT, Entry Price: 0.56470000, Position Size: 11
2024-06-28 13:42:42,882 - WARNING - Starting trade. Symbol: MATICUSDT, Entry Price: 0.56740000, Position Size: 11
2024-06-28 14:00:16,674 - WARNING - Starting trade. Symbol: MATICUSDT, Entry Price: 0.56780000, Position Size: 11
2024-06-28 14:03:31,567 - WARNING - Starting trade. Symbol: MATICUSDT, Entry Price: 0.56960000, Position Size: 11
2024-06-28 15:21:08,062 - WARNING - Starting trade. Symbol: MATICUSDT, Entry Price: 0.56710000, Position Size: 11
2024-06-28 16:17:30,196 - WARNING - Starting trade. Symbol: MATICUSDT, Entry Price: 0.56640000, Position Size: 11
2024-06-28 17:04:37,569 - WARNING - Starting trade. Symbol: MATICUSDT, Entry Price: 0.56650000, Position Size: 11
2024-06-28 17:45:15,726 - WARNING - Starting trade. Symbol: MATICUSDT, Entry Price: 0.55960000, Position Size: 11
2024-06-28 18:00:12,488 - WARNING - Starting trade. Symbol: MATICUSDT, Entry Price: 0.55810000, Position Size: 11
2024-06-28 19:37:23,946 - WARNING - Starting Miya Beta 0.1
2024-06-28 20:18:57,070 - WARNING - Starting trade. Symbol: MATICUSDT, Entry Price: 0.56320000, Position Size: 11
2024-06-29 06:45:36,722 - WARNING - Starting Miya Beta 0.1
2024-06-29 06:48:40,976 - WARNING - Starting Miya Beta 0.1
2024-06-29 07:21:36,737 - WARNING - Starting trade. Symbol: MATICUSDT, Entry Price: 0.56020000, Position Size: 11
2024-06-29 09:57:43,231 - WARNING - Starting trade. Symbol: MATICUSDT, Entry Price: 0.55860000, Position Size: 11
2024-06-29 09:58:43,476 - WARNING - Trade wasn't finished...too much time passed
2024-06-29 09:58:48,539 - WARNING - Starting trade. Symbol: MATICUSDT, Entry Price: 0.55890000, Position Size: 11
2024-06-29 13:19:33,470 - WARNING - Starting Miya Beta 0.1
2024-06-29 18:30:21,882 - WARNING - Starting trade. Symbol: MATICUSDT, Entry Price: 0.55260000, Position Size: 11
2024-06-29 18:57:28,615 - WARNING - Starting trade. Symbol: MATICUSDT, Entry Price: 0.55270000, Position Size: 11
2024-06-29 19:52:51,528 - WARNING - Starting trade. Symbol: MATICUSDT, Entry Price: 0.55220000, Position Size: 11
2024-06-29 22:15:16,292 - WARNING - Starting trade. Symbol: MATICUSDT, Entry Price: 0.54790000, Position Size: 11
2024-06-30 00:34:40,761 - WARNING - Starting trade. Symbol: MATICUSDT, Entry Price: 0.54970000, Position Size: 11
2024-06-30 00:35:41,253 - WARNING - Trade wasn't finished...too much time passed
2024-06-30 00:35:46,319 - WARNING - Starting trade. Symbol: MATICUSDT, Entry Price: 0.54980000, Position Size: 11
2024-06-30 01:32:29,297 - WARNING - Starting trade. Symbol: MATICUSDT, Entry Price: 0.54910000, Position Size: 11
2024-06-30 03:35:17,100 - WARNING - Starting trade. Symbol: MATICUSDT, Entry Price: 0.54770000, Position Size: 11
2024-06-30 03:36:17,450 - WARNING - Trade wasn't finished...too much time passed
2024-06-30 03:36:22,504 - WARNING - Starting trade. Symbol: MATICUSDT, Entry Price: 0.54790000, Position Size: 11
2024-06-30 05:13:29,830 - WARNING - Starting trade. Symbol: MATICUSDT, Entry Price: 0.54640000, Position Size: 11
2024-06-30 06:14:34,914 - WARNING - Starting trade. Symbol: MATICUSDT, Entry Price: 0.54880000, Position Size: 11
2024-06-30 07:15:10,657 - WARNING - Starting trade. Symbol: MATICUSDT, Entry Price: 0.55690000, Position Size: 11
2024-06-30 10:38:14,922 - WARNING - Starting trade. Symbol: MATICUSDT, Entry Price: 0.55270000, Position Size: 11
2024-06-30 15:42:45,432 - WARNING - Starting trade. Symbol: MATICUSDT, Entry Price: 0.54900000, Position Size: 11
2024-06-30 15:43:45,736 - WARNING - Trade wasn't finished...too much time passed
2024-06-30 15:43:55,812 - WARNING - Starting trade. Symbol: MATICUSDT, Entry Price: 0.54940000, Position Size: 11
2024-06-30 15:44:56,329 - WARNING - Trade wasn't finished...too much time passed
2024-06-30 15:45:01,407 - WARNING - Starting trade. Symbol: MATICUSDT, Entry Price: 0.54970000, Position Size: 11
2024-06-30 15:46:01,704 - WARNING - Trade wasn't finished...too much time passed
2024-06-30 16:08:46,703 - WARNING - Starting trade. Symbol: MATICUSDT, Entry Price: 0.54850000, Position Size: 11
2024-06-30 17:20:56,009 - WARNING - Starting trade. Symbol: MATICUSDT, Entry Price: 0.55030000, Position Size: 11
2024-06-30 17:21:56,459 - WARNING - Trade wasn't finished...too much time passed
2024-06-30 17:22:06,533 - WARNING - Starting trade. Symbol: MATICUSDT, Entry Price: 0.55080000, Position Size: 11
2024-06-30 18:17:19,610 - WARNING - Starting trade. Symbol: MATICUSDT, Entry Price: 0.54830000, Position Size: 11
2024-06-30 19:02:42,067 - WARNING - Starting trade. Symbol: MATICUSDT, Entry Price: 0.55280000, Position Size: 11
2024-06-30 22:30:15,014 - WARNING - Starting trade. Symbol: MATICUSDT, Entry Price: 0.56210000, Position Size: 11
2024-06-30 22:31:15,577 - WARNING - Trade wasn't finished...too much time passed
2024-06-30 22:32:20,688 - WARNING - Starting trade. Symbol: MATICUSDT, Entry Price: 0.56160000, Position Size: 11
2024-06-30 22:45:17,446 - WARNING - Starting trade. Symbol: MATICUSDT, Entry Price: 0.56430000, Position Size: 11
2024-06-30 22:49:12,583 - WARNING - Starting trade. Symbol: MATICUSDT, Entry Price: 0.56300000, Position Size: 11
2024-06-30 22:50:12,994 - WARNING - Trade wasn't finished...too much time passed
2024-06-30 22:51:18,101 - WARNING - Starting trade. Symbol: MATICUSDT, Entry Price: 0.56260000, Position Size: 11
2024-06-30 22:52:18,551 - WARNING - Trade wasn't finished...too much time passed
2024-06-30 22:53:23,677 - WARNING - Starting trade. Symbol: MATICUSDT, Entry Price: 0.56150000, Position Size: 11
2024-07-01 01:02:20,947 - WARNING - Starting trade. Symbol: MATICUSDT, Entry Price: 0.55770000, Position Size: 11
2024-07-02 05:29:20,371 - WARNING - Starting Miya Beta 0.1
2024-07-02 07:10:56,155 - WARNING - Starting trade. Symbol: MATICUSDT, Entry Price: 0.56130000, Position Size: 11
2024-07-02 07:40:46,551 - WARNING - Starting trade. Symbol: MATICUSDT, Entry Price: 0.55930000, Position Size: 11
2024-07-02 10:27:18,033 - WARNING - Starting Miya Beta 0.1
2024-07-03 09:37:51,725 - WARNING - Starting trade. Symbol: MATICUSDT, Entry Price: 0.56760000, Position Size: 11
2024-07-03 09:38:13,519 - WARNING - Starting Miya Beta 0.1
2024-07-03 09:38:22,632 - WARNING - Starting trade. Symbol: MATICUSDT, Entry Price: 0.55890000, Position Size: 11
2024-07-03 09:39:23,173 - WARNING - Trade wasn't finished...too much time passed
2024-07-03 09:40:28,296 - WARNING - Starting trade. Symbol: MATICUSDT, Entry Price: 0.55830000, Position Size: 11
2024-07-03 10:13:27,554 - WARNING - Starting trade. Symbol: MATICUSDT, Entry Price: 0.55370000, Position Size: 11
2024-07-03 10:18:36,746 - WARNING - Starting trade. Symbol: MATICUSDT, Entry Price: 0.55190000, Position Size: 11
2024-07-03 10:30:06,973 - WARNING - Starting trade. Symbol: MATICUSDT, Entry Price: 0.54960000, Position Size: 11
2024-07-03 10:31:22,505 - WARNING - Starting trade. Symbol: MATICUSDT, Entry Price: 0.54790000, Position Size: 11
2024-07-03 10:32:23,085 - WARNING - Trade wasn't finished...too much time passed
2024-07-03 10:32:33,158 - WARNING - Starting trade. Symbol: MATICUSDT, Entry Price: 0.54870000, Position Size: 11
2024-07-03 10:33:40,000 - WARNING - Starting trade. Symbol: MATICUSDT, Entry Price: 0.54620000, Position Size: 11
2024-07-03 10:34:45,547 - WARNING - Starting trade. Symbol: MATICUSDT, Entry Price: 0.54840000, Position Size: 11
2024-07-03 10:39:42,700 - WARNING - Starting trade. Symbol: MATICUSDT, Entry Price: 0.55030000, Position Size: 11
2024-07-03 10:45:09,933 - WARNING - Starting trade. Symbol: MATICUSDT, Entry Price: 0.55220000, Position Size: 11
2024-07-03 12:10:03,202 - WARNING - Starting trade. Symbol: MATICUSDT, Entry Price: 0.54540000, Position Size: 11
2024-07-03 12:11:03,524 - WARNING - Trade wasn't finished...too much time passed
2024-07-03 12:12:08,614 - WARNING - Starting trade. Symbol: MATICUSDT, Entry Price: 0.54520000, Position Size: 11
2024-07-03 12:13:08,871 - WARNING - Trade wasn't finished...too much time passed
2024-07-03 12:14:13,996 - WARNING - Starting trade. Symbol: MATICUSDT, Entry Price: 0.54520000, Position Size: 11
2024-07-03 16:06:06,636 - WARNING - Starting trade. Symbol: MATICUSDT, Entry Price: 0.53850000, Position Size: 11
2024-07-03 16:55:46,571 - WARNING - Starting trade. Symbol: MATICUSDT, Entry Price: 0.54070000, Position Size: 11
2024-07-03 17:06:52,733 - WARNING - Starting trade. Symbol: MATICUSDT, Entry Price: 0.53860000, Position Size: 11
2024-07-03 18:28:37,477 - WARNING - Starting trade. Symbol: MATICUSDT, Entry Price: 0.53630000, Position Size: 11
2024-07-03 18:48:50,681 - WARNING - Starting trade. Symbol: MATICUSDT, Entry Price: 0.53280000, Position Size: 11
2024-07-03 19:07:23,097 - WARNING - Starting trade. Symbol: MATICUSDT, Entry Price: 0.53010000, Position Size: 11
2024-07-03 20:50:47,450 - WARNING - Starting trade. Symbol: MATICUSDT, Entry Price: 0.52910000, Position Size: 11
2024-07-03 20:57:44,091 - WARNING - Starting trade. Symbol: MATICUSDT, Entry Price: 0.52720000, Position Size: 11
2024-07-03 20:58:44,479 - WARNING - Trade wasn't finished...too much time passed
2024-07-03 20:59:49,595 - WARNING - Starting trade. Symbol: MATICUSDT, Entry Price: 0.52620000, Position Size: 11
2024-07-03 21:07:46,574 - WARNING - Starting trade. Symbol: MATICUSDT, Entry Price: 0.52900000, Position Size: 11
2024-07-03 21:34:42,290 - WARNING - Starting trade. Symbol: MATICUSDT, Entry Price: 0.52980000, Position Size: 11
2024-07-03 21:55:48,032 - WARNING - Starting trade. Symbol: MATICUSDT, Entry Price: 0.53270000, Position Size: 11
2024-07-03 22:49:34,864 - WARNING - Starting trade. Symbol: MATICUSDT, Entry Price: 0.53140000, Position Size: 11
2024-07-03 22:50:35,184 - WARNING - Trade wasn't finished...too much time passed
2024-07-03 22:50:45,259 - WARNING - Starting trade. Symbol: MATICUSDT, Entry Price: 0.53150000, Position Size: 11
2024-07-03 23:05:15,860 - WARNING - Starting trade. Symbol: MATICUSDT, Entry Price: 0.52990000, Position Size: 11
2024-07-03 23:06:16,134 - WARNING - Trade wasn't finished...too much time passed
2024-07-03 23:07:21,231 - WARNING - Starting trade. Symbol: MATICUSDT, Entry Price: 0.52880000, Position Size: 11
2024-07-03 23:18:14,023 - WARNING - Starting trade. Symbol: MATICUSDT, Entry Price: 0.53100000, Position Size: 11
2024-07-04 00:36:01,696 - WARNING - Starting trade. Symbol: MATICUSDT, Entry Price: 0.53400000, Position Size: 11
2024-07-04 00:57:05,843 - WARNING - Starting trade. Symbol: MATICUSDT, Entry Price: 0.53200000, Position Size: 11
2024-07-04 00:58:06,360 - WARNING - Trade wasn't finished...too much time passed
2024-07-04 00:59:11,483 - WARNING - Starting trade. Symbol: MATICUSDT, Entry Price: 0.53150000, Position Size: 11
2024-07-04 01:08:31,973 - WARNING - Starting trade. Symbol: MATICUSDT, Entry Price: 0.52980000, Position Size: 11
2024-07-04 01:09:32,374 - WARNING - Trade wasn't finished...too much time passed
2024-07-04 01:10:37,481 - WARNING - Starting trade. Symbol: MATICUSDT, Entry Price: 0.52750000, Position Size: 11
2024-07-04 01:38:46,026 - WARNING - Starting trade. Symbol: MATICUSDT, Entry Price: 0.51470000, Position Size: 11
2024-07-04 01:43:40,817 - WARNING - Starting trade. Symbol: MATICUSDT, Entry Price: 0.51490000, Position Size: 11
2024-07-04 01:46:24,927 - WARNING - Starting trade. Symbol: MATICUSDT, Entry Price: 0.51540000, Position Size: 11
2024-07-04 01:52:36,049 - WARNING - Starting trade. Symbol: MATICUSDT, Entry Price: 0.51690000, Position Size: 11
2024-07-04 01:56:31,516 - WARNING - Starting trade. Symbol: MATICUSDT, Entry Price: 0.51500000, Position Size: 11
2024-07-04 01:57:42,116 - WARNING - Starting trade. Symbol: MATICUSDT, Entry Price: 0.51190000, Position Size: 11
2024-07-04 01:58:42,520 - WARNING - Trade wasn't finished...too much time passed
2024-07-04 01:58:47,573 - WARNING - Starting trade. Symbol: MATICUSDT, Entry Price: 0.51520000, Position Size: 11
2024-07-04 02:00:03,870 - WARNING - Starting trade. Symbol: MATICUSDT, Entry Price: 0.51340000, Position Size: 11
2024-07-04 02:01:15,278 - WARNING - Starting trade. Symbol: MATICUSDT, Entry Price: 0.50590000, Position Size: 11
2024-07-04 02:02:15,754 - WARNING - Trade wasn't finished...too much time passed
2024-07-04 02:02:20,813 - WARNING - Starting trade. Symbol: MATICUSDT, Entry Price: 0.51130000, Position Size: 11
2024-07-04 02:03:31,950 - WARNING - Starting trade. Symbol: MATICUSDT, Entry Price: 0.51130000, Position Size: 11
2024-07-04 02:04:39,746 - WARNING - Starting trade. Symbol: MATICUSDT, Entry Price: 0.51360000, Position Size: 11
2024-07-04 02:08:40,716 - WARNING - Starting trade. Symbol: MATICUSDT, Entry Price: 0.51110000, Position Size: 11
2024-07-04 02:10:45,629 - WARNING - Starting trade. Symbol: MATICUSDT, Entry Price: 0.51350000, Position Size: 11
2024-07-04 02:24:15,758 - WARNING - Starting trade. Symbol: MATICUSDT, Entry Price: 0.51620000, Position Size: 11
2024-07-04 02:29:53,374 - WARNING - Starting trade. Symbol: MATICUSDT, Entry Price: 0.51830000, Position Size: 11
2024-07-04 04:39:17,494 - WARNING - Starting trade. Symbol: MATICUSDT, Entry Price: 0.52070000, Position Size: 11
2024-07-04 04:40:17,972 - WARNING - Trade wasn't finished...too much time passed
2024-07-04 04:40:28,045 - WARNING - Starting trade. Symbol: MATICUSDT, Entry Price: 0.52080000, Position Size: 11
2024-07-04 06:09:28,120 - WARNING - Starting trade. Symbol: MATICUSDT, Entry Price: 0.51880000, Position Size: 11
2024-07-04 06:29:51,112 - WARNING - Starting trade. Symbol: MATICUSDT, Entry Price: 0.51650000, Position Size: 11
2024-07-04 06:37:38,908 - WARNING - Starting trade. Symbol: MATICUSDT, Entry Price: 0.51970000, Position Size: 11
2024-07-04 07:15:21,599 - WARNING - Starting trade. Symbol: MATICUSDT, Entry Price: 0.51520000, Position Size: 11
2024-07-04 07:25:11,532 - WARNING - Starting trade. Symbol: MATICUSDT, Entry Price: 0.51500000, Position Size: 11
2024-07-04 07:40:55,946 - WARNING - Starting Miya Beta 0.1
2024-07-04 07:57:34,122 - WARNING - Starting trade. Symbol: MATICUSDT, Entry Price: 0.51370000, Position Size: 11
2024-07-04 08:39:50,209 - WARNING - Starting trade. Symbol: MATICUSDT, Entry Price: 0.51360000, Position Size: 11
2024-07-04 08:40:50,562 - WARNING - Trade wasn't finished...too much time passed
2024-07-04 09:09:56,633 - WARNING - Starting trade. Symbol: MATICUSDT, Entry Price: 0.51120000, Position Size: 11
2024-07-04 10:07:38,524 - WARNING - Starting trade. Symbol: MATICUSDT, Entry Price: 0.51140000, Position Size: 11
2024-07-04 12:24:03,483 - WARNING - Starting trade. Symbol: MATICUSDT, Entry Price: 0.50700000, Position Size: 11
2024-07-04 13:00:11,428 - WARNING - Starting trade. Symbol: MATICUSDT, Entry Price: 0.50080000, Position Size: 11
2024-07-04 13:30:15,771 - WARNING - Starting trade. Symbol: MATICUSDT, Entry Price: 0.49540000, Position Size: 11
2024-07-04 19:34:15,991 - WARNING - Starting Miya Beta 0.1
2024-07-04 20:09:42,420 - WARNING - Starting trade. Symbol: MATICUSDT, Entry Price: 0.50530000, Position Size: 11
2024-07-04 22:21:27,077 - WARNING - Starting trade. Symbol: MATICUSDT, Entry Price: 0.51050000, Position Size: 11
2024-07-04 23:30:15,338 - WARNING - Starting trade. Symbol: MATICUSDT, Entry Price: 0.50240000, Position Size: 11
2024-07-05 00:00:26,467 - WARNING - Starting trade. Symbol: MATICUSDT, Entry Price: 0.49380000, Position Size: 11
2024-07-05 00:31:27,877 - WARNING - Starting trade. Symbol: MATICUSDT, Entry Price: 0.48670000, Position Size: 11
2024-07-05 02:08:48,358 - WARNING - Starting trade. Symbol: MATICUSDT, Entry Price: 0.47430000, Position Size: 11
2024-07-05 02:09:48,829 - WARNING - Trade wasn't finished...too much time passed
2024-07-05 02:58:33,687 - WARNING - Starting trade. Symbol: MATICUSDT, Entry Price: 0.45730000, Position Size: 11
2024-07-05 02:59:34,668 - WARNING - Trade wasn't finished...too much time passed
2024-07-05 04:19:41,249 - WARNING - Starting trade. Symbol: MATICUSDT, Entry Price: 0.43310000, Position Size: 11
2024-07-05 10:21:01,339 - WARNING - Starting Miya Beta 0.1
2024-07-05 12:32:02,672 - WARNING - Starting trade. Symbol: MATICUSDT, Entry Price: 0.45730000, Position Size: 11
2024-07-05 15:05:14,316 - WARNING - Starting trade. Symbol: MATICUSDT, Entry Price: 0.46130000, Position Size: 11
2024-07-05 15:06:14,711 - WARNING - Trade wasn't finished...too much time passed
2024-07-05 16:40:30,030 - WARNING - Starting trade. Symbol: MATICUSDT, Entry Price: 0.46100000, Position Size: 11
2024-07-05 18:17:05,985 - WARNING - Starting trade. Symbol: MATICUSDT, Entry Price: 0.46170000, Position Size: 11
2024-07-05 18:18:06,573 - WARNING - Trade wasn't finished...too much time passed
2024-07-05 19:02:20,610 - WARNING - Starting trade. Symbol: MATICUSDT, Entry Price: 0.46780000, Position Size: 11
2024-07-05 19:31:42,052 - WARNING - Starting Miya Beta 0.1
2024-07-05 19:34:59,517 - WARNING - Starting Miya Beta 0.1
2024-07-05 20:47:40,753 - WARNING - Starting trade. Symbol: MATICUSDT, Entry Price: 0.46760000, Position Size: 11
2024-07-06 16:31:29,771 - WARNING - Starting Miya Beta 0.1
2024-07-06 16:31:34,086 - WARNING - Starting trade. Symbol: MATICUSDT, Entry Price: 0.49330000, Position Size: 11
2024-07-06 21:02:43,136 - WARNING - Starting trade. Symbol: MATICUSDT, Entry Price: 0.50420000, Position Size: 11
2024-07-06 21:03:43,499 - WARNING - Trade wasn't finished...too much time passed
2024-07-06 22:10:27,766 - WARNING - Starting trade. Symbol: MATICUSDT, Entry Price: 0.50390000, Position Size: 11
2024-07-06 23:37:07,622 - WARNING - Starting trade. Symbol: MATICUSDT, Entry Price: 0.50580000, Position Size: 11
2024-07-07 00:07:16,412 - WARNING - Starting trade. Symbol: MATICUSDT, Entry Price: 0.50340000, Position Size: 11
2024-07-07 01:54:22,177 - WARNING - Starting trade. Symbol: MATICUSDT, Entry Price: 0.50190000, Position Size: 11
2024-07-07 03:10:30,768 - WARNING - Starting trade. Symbol: MATICUSDT, Entry Price: 0.50030000, Position Size: 11
2024-07-07 04:15:56,572 - WARNING - Starting trade. Symbol: MATICUSDT, Entry Price: 0.50140000, Position Size: 11
2024-07-07 05:14:23,775 - WARNING - Starting trade. Symbol: MATICUSDT, Entry Price: 0.49810000, Position Size: 11
2024-07-07 06:38:47,920 - WARNING - Starting trade. Symbol: MATICUSDT, Entry Price: 0.50080000, Position Size: 11
2024-07-07 06:39:48,244 - WARNING - Trade wasn't finished...too much time passed
2024-07-07 07:24:57,856 - WARNING - Starting trade. Symbol: MATICUSDT, Entry Price: 0.49680000, Position Size: 11
2024-07-07 07:25:58,246 - WARNING - Trade wasn't finished...too much time passed
2024-07-07 07:55:04,099 - WARNING - Starting trade. Symbol: MATICUSDT, Entry Price: 0.49680000, Position Size: 11
2024-07-07 09:00:41,824 - WARNING - Starting trade. Symbol: MATICUSDT, Entry Price: 0.49880000, Position Size: 11
2024-07-07 09:38:14,297 - WARNING - Starting trade. Symbol: MATICUSDT, Entry Price: 0.49860000, Position Size: 11
2024-07-07 11:17:40,202 - WARNING - Starting trade. Symbol: MATICUSDT, Entry Price: 0.49860000, Position Size: 11
2024-07-07 12:44:56,261 - WARNING - Starting trade. Symbol: MATICUSDT, Entry Price: 0.49500000, Position Size: 11
2024-07-07 13:15:08,734 - WARNING - Starting trade. Symbol: MATICUSDT, Entry Price: 0.49180000, Position Size: 11
2024-07-07 13:16:09,232 - WARNING - Trade wasn't finished...too much time passed
2024-07-07 13:45:20,701 - WARNING - Starting trade. Symbol: MATICUSDT, Entry Price: 0.48600000, Position Size: 11
2024-07-07 13:46:21,243 - WARNING - Trade wasn't finished...too much time passed
2024-07-07 14:26:09,773 - WARNING - Starting trade. Symbol: MATICUSDT, Entry Price: 0.48240000, Position Size: 11
2024-07-07 15:08:04,634 - WARNING - Starting trade. Symbol: MATICUSDT, Entry Price: 0.48400000, Position Size: 11
2024-07-07 15:50:50,989 - WARNING - Starting trade. Symbol: MATICUSDT, Entry Price: 0.48240000, Position Size: 11
2024-07-07 16:40:42,651 - WARNING - Starting trade. Symbol: MATICUSDT, Entry Price: 0.48910000, Position Size: 11
2024-07-07 17:24:09,229 - WARNING - Starting trade. Symbol: MATICUSDT, Entry Price: 0.48860000, Position Size: 11
2024-07-07 17:56:06,890 - WARNING - Starting trade. Symbol: MATICUSDT, Entry Price: 0.49490000, Position Size: 11
2024-07-07 18:19:30,551 - WARNING - Starting Miya Beta 0.1
2024-07-07 20:13:05,840 - WARNING - Starting trade. Symbol: MATICUSDT, Entry Price: 0.49240000, Position Size: 11
2024-07-07 20:14:06,252 - WARNING - Trade wasn't finished...too much time passed
2024-07-07 20:51:24,139 - WARNING - Starting trade. Symbol: MATICUSDT, Entry Price: 0.49040000, Position Size: 11
2024-07-07 21:30:15,617 - WARNING - Starting trade. Symbol: MATICUSDT, Entry Price: 0.48090000, Position Size: 11
2024-07-07 21:31:16,018 - WARNING - Trade wasn't finished...too much time passed
2024-07-07 23:40:14,671 - WARNING - Starting trade. Symbol: MATICUSDT, Entry Price: 0.47810000, Position Size: 11
2024-07-08 00:17:49,135 - WARNING - Starting trade. Symbol: MATICUSDT, Entry Price: 0.47980000, Position Size: 11
2024-07-08 01:16:23,039 - WARNING - Starting trade. Symbol: MATICUSDT, Entry Price: 0.46250000, Position Size: 11
2024-07-08 03:00:28,393 - WARNING - Starting trade. Symbol: MATICUSDT, Entry Price: 0.47470000, Position Size: 11
2024-07-08 03:32:34,746 - WARNING - Starting trade. Symbol: MATICUSDT, Entry Price: 0.47380000, Position Size: 11
2024-07-08 04:10:14,498 - WARNING - Starting trade. Symbol: MATICUSDT, Entry Price: 0.47680000, Position Size: 11
2024-07-08 04:11:14,924 - WARNING - Trade wasn't finished...too much time passed
2024-07-08 05:49:44,684 - WARNING - Starting Miya Beta 0.1
2024-07-08 05:56:48,373 - WARNING - Starting trade. Symbol: MATICUSDT, Entry Price: 0.48350000, Position Size: 11
2024-07-08 06:27:03,389 - WARNING - Starting trade. Symbol: MATICUSDT, Entry Price: 0.48750000, Position Size: 11
2024-07-08 08:05:37,682 - WARNING - Starting trade. Symbol: MATICUSDT, Entry Price: 0.48750000, Position Size: 11
2024-07-08 08:35:45,420 - WARNING - Starting trade. Symbol: MATICUSDT, Entry Price: 0.49980000, Position Size: 11
2024-07-08 09:04:47,370 - WARNING - Starting Miya Beta 0.1
2024-07-08 09:04:53,469 - WARNING - Starting trade. Symbol: MATICUSDT, Entry Price: 0.51250000, Position Size: 11
2024-07-08 09:19:58,856 - WARNING - Starting Miya Beta 0.1
2024-07-08 10:56:47,863 - WARNING - Starting trade. Symbol: MATICUSDT, Entry Price: 0.50150000, Position Size: 11
2024-07-08 10:57:48,216 - WARNING - Trade wasn't finished...too much time passed
2024-07-08 12:21:51,372 - WARNING - Starting trade. Symbol: MATICUSDT, Entry Price: 0.50700000, Position Size: 11
2024-07-08 13:04:18,380 - WARNING - Starting trade. Symbol: MATICUSDT, Entry Price: 0.50410000, Position Size: 11
2024-07-08 13:34:25,367 - WARNING - Starting trade. Symbol: MATICUSDT, Entry Price: 0.50480000, Position Size: 11
2024-07-08 14:07:45,158 - WARNING - Starting trade. Symbol: MATICUSDT, Entry Price: 0.50570000, Position Size: 11
2024-07-08 14:37:50,443 - WARNING - Starting trade. Symbol: MATICUSDT, Entry Price: 0.48690000, Position Size: 11
2024-07-08 16:29:29,058 - WARNING - Starting trade. Symbol: MATICUSDT, Entry Price: 0.48700000, Position Size: 11
2024-07-08 21:48:37,864 - WARNING - Starting Miya Beta 0.1
2024-07-08 21:49:09,398 - WARNING - Starting Miya Beta 0.1
2024-07-08 22:46:45,810 - WARNING - Starting Miya Beta 0.1
2024-07-08 22:49:11,707 - WARNING - Starting Miya Beta 0.1.4
2024-07-08 22:50:59,051 - WARNING - Starting Miya Beta 0.1.4
2024-07-08 22:51:47,347 - WARNING - Starting Miya Beta 0.1.4
