2024-02-07 16:13:23,003 - INFO - Last upper band for BNBUSDT: 303.9865183399973
Last lower band for BNBUSDT: 301.3204816600027
2024-02-07 16:13:23,003 - INFO - Last upper band for ETHUSDT: 2385.5236050858043
Last lower band for ETHUSDT: 2350.188394914196
2024-02-07 16:13:23,003 - INFO - Last upper band for BTCUSDT: 43284.2944881418
Last lower band for BTCUSDT: 42768.74551185821
2024-02-07 16:13:24,336 - INFO - Last upper band for BNBUSDT: 303.9865183399973
Last lower band for BNBUSDT: 301.3204816600027
2024-02-07 16:13:24,336 - INFO - Last upper band for BTCUSDT: 43284.2944881418
Last lower band for BTCUSDT: 42768.74551185821
2024-02-07 16:13:24,336 - INFO - Last upper band for ETHUSDT: 2385.5236050858043
Last lower band for ETHUSDT: 2350.188394914196
2024-02-07 16:13:25,657 - INFO - Last upper band for BNBUSDT: 303.9865183399973
Last lower band for BNBUSDT: 301.3204816600027
2024-02-07 16:13:25,658 - INFO - Last upper band for BTCUSDT: 43284.4536161864
Last lower band for BTCUSDT: 42768.35638381361
2024-02-07 16:13:25,658 - INFO - Last upper band for ETHUSDT: 2385.5232660339834
Last lower band for ETHUSDT: 2350.1897339660163
2024-02-07 16:13:26,987 - INFO - Last upper band for BNBUSDT: 303.9865183399973
Last lower band for BNBUSDT: 301.3204816600027
2024-02-07 16:13:26,987 - INFO - Last upper band for BTCUSDT: 43284.4536161864
Last lower band for BTCUSDT: 42768.35638381361
2024-02-07 16:13:26,987 - INFO - Last upper band for ETHUSDT: 2385.5232660339834
Last lower band for ETHUSDT: 2350.1897339660163
2024-02-07 16:13:28,316 - INFO - Last upper band for BTCUSDT: 43284.44661837223
Last lower band for BTCUSDT: 42768.373381627775
2024-02-07 16:13:28,316 - INFO - Last upper band for BNBUSDT: 303.9868465778297
Last lower band for BNBUSDT: 301.3211534221703
2024-02-07 16:13:28,316 - INFO - Last upper band for ETHUSDT: 2385.5232660339834
Last lower band for ETHUSDT: 2350.1897339660163
2024-02-07 16:13:29,640 - INFO - Last upper band for ETHUSDT: 2385.5236050858043
Last lower band for ETHUSDT: 2350.188394914196
2024-02-07 16:13:29,640 - INFO - Last upper band for BNBUSDT: 303.9868465778297
Last lower band for BNBUSDT: 301.3211534221703
2024-02-07 16:13:29,640 - INFO - Last upper band for BTCUSDT: 43284.44661837223
Last lower band for BTCUSDT: 42768.373381627775
2024-02-07 16:13:30,971 - INFO - Last upper band for BNBUSDT: 303.9868465778297
Last lower band for BNBUSDT: 301.3211534221703
2024-02-07 16:13:30,972 - INFO - Last upper band for ETHUSDT: 2385.5236050858043
Last lower band for ETHUSDT: 2350.188394914196
2024-02-07 16:13:30,972 - INFO - Last upper band for BTCUSDT: 43284.44661837223
Last lower band for BTCUSDT: 42768.373381627775
2024-02-07 16:13:32,306 - INFO - Last upper band for BNBUSDT: 303.9865183399973
Last lower band for BNBUSDT: 301.3204816600027
2024-02-07 16:13:32,306 - INFO - Last upper band for BTCUSDT: 43284.4536161864
Last lower band for BTCUSDT: 42768.35638381361
2024-02-07 16:13:32,306 - INFO - Last upper band for ETHUSDT: 2385.5236050858043
Last lower band for ETHUSDT: 2350.188394914196
2024-02-07 16:13:33,634 - INFO - Last upper band for BNBUSDT: 303.9859067962339
Last lower band for BNBUSDT: 301.31909320376604
2024-02-07 16:13:33,635 - INFO - Last upper band for BTCUSDT: 43284.4536161864
Last lower band for BTCUSDT: 42768.35638381361
2024-02-07 16:13:33,635 - INFO - Last upper band for ETHUSDT: 2385.5236050858043
Last lower band for ETHUSDT: 2350.188394914196
2024-02-07 16:13:34,969 - INFO - Last upper band for BNBUSDT: 303.9859067962339
Last lower band for BNBUSDT: 301.31909320376604
2024-02-07 16:13:34,969 - INFO - Last upper band for ETHUSDT: 2385.5236050858043
Last lower band for ETHUSDT: 2350.188394914196
2024-02-07 16:13:34,969 - INFO - Last upper band for BTCUSDT: 43284.4536161864
Last lower band for BTCUSDT: 42768.35638381361
2024-02-07 16:13:36,293 - INFO - Last upper band for BNBUSDT: 303.9859067962339
Last lower band for BNBUSDT: 301.31909320376604
2024-02-07 16:13:36,293 - INFO - Last upper band for ETHUSDT: 2385.5236050858043
Last lower band for ETHUSDT: 2350.188394914196
2024-02-07 16:13:36,294 - INFO - Last upper band for BTCUSDT: 43284.4536161864
Last lower band for BTCUSDT: 42768.35638381361
2024-02-07 16:13:37,624 - INFO - Last upper band for BNBUSDT: 303.9859067962339
Last lower band for BNBUSDT: 301.31909320376604
2024-02-07 16:13:37,624 - INFO - Last upper band for ETHUSDT: 2385.5232660339834
Last lower band for ETHUSDT: 2350.1897339660163
2024-02-07 16:13:37,624 - INFO - Last upper band for BTCUSDT: 43284.4536161864
Last lower band for BTCUSDT: 42768.35638381361
2024-02-07 16:13:38,962 - INFO - Last upper band for BNBUSDT: 303.9859067962339
Last lower band for BNBUSDT: 301.31909320376604
2024-02-07 16:13:38,962 - INFO - Last upper band for BTCUSDT: 43284.467633390654
Last lower band for BTCUSDT: 42768.322366609355
2024-02-07 16:13:38,962 - INFO - Last upper band for ETHUSDT: 2385.5232660339834
Last lower band for ETHUSDT: 2350.1897339660163
2024-02-07 16:13:40,283 - INFO - Last upper band for BNBUSDT: 303.9851017084365
Last lower band for BNBUSDT: 301.3168982915634
2024-02-07 16:13:40,283 - INFO - Last upper band for BTCUSDT: 43284.467633390654
Last lower band for BTCUSDT: 42768.322366609355
2024-02-07 16:13:40,283 - INFO - Last upper band for ETHUSDT: 2385.5232660339834
Last lower band for ETHUSDT: 2350.1897339660163
2024-02-07 16:13:40,768 - ERROR - Unclosed client session
client_session: <aiohttp.client.ClientSession object at 0x00000292E36CB510>
2024-02-07 16:13:40,768 - ERROR - Unclosed connector
connections: ['[(<aiohttp.client_proto.ResponseHandler object at 0x00000292E36D4590>, 457385.187)]', '[(<aiohttp.client_proto.ResponseHandler object at 0x00000292E36D48A0>, 457404.093), (<aiohttp.client_proto.ResponseHandler object at 0x00000292E36D4A60>, 457404.093), (<aiohttp.client_proto.ResponseHandler object at 0x00000292E36D4980>, 457404.109)]']
connector: <aiohttp.connector.TCPConnector object at 0x00000292E36CB590>
2024-02-07 20:47:07,609 - ERROR - Unclosed client session
client_session: <aiohttp.client.ClientSession object at 0x000002686BF922D0>
2024-02-07 20:47:07,609 - ERROR - Unclosed connector
connections: ['[(<aiohttp.client_proto.ResponseHandler object at 0x000002686BF5FA80>, 349795.906), (<aiohttp.client_proto.ResponseHandler object at 0x000002686BF5FC40>, 349795.906), (<aiohttp.client_proto.ResponseHandler object at 0x000002686BF5FB60>, 349795.906)]']
connector: <aiohttp.connector.TCPConnector object at 0x000002686BF92310>
2024-02-08 20:19:45,548 - ERROR - Unclosed client session
client_session: <aiohttp.client.ClientSession object at 0x7fb8d1879b40>
2024-02-08 20:19:45,550 - ERROR - Unclosed connector
connections: ['[(<aiohttp.client_proto.ResponseHandler object at 0x7fb8d189b1c0>, 370392.024682575)]', '[(<aiohttp.client_proto.ResponseHandler object at 0x7fb8d1914f40>, 370393.697622568), (<aiohttp.client_proto.ResponseHandler object at 0x7fb8d19151e0>, 370393.705345719), (<aiohttp.client_proto.ResponseHandler object at 0x7fb8d19153c0>, 370397.174612228)]']
connector: <aiohttp.connector.TCPConnector object at 0x7fb8d187a680>
2024-02-10 10:48:09,471 - ERROR - Unclosed client session
client_session: <aiohttp.client.ClientSession object at 0x000001FAAD9997D0>
2024-02-10 10:48:09,471 - ERROR - Unclosed connector
connections: ['[(<aiohttp.client_proto.ResponseHandler object at 0x000001FAADE567B0>, 1334.968), (<aiohttp.client_proto.ResponseHandler object at 0x000001FAADE565F0>, 1335.187), (<aiohttp.client_proto.ResponseHandler object at 0x000001FAADE579A0>, 1335.296)]']
connector: <aiohttp.connector.TCPConnector object at 0x000001FAADEBFB50>
2024-02-10 11:11:21,319 - INFO - XRPUSDT 0.5239 Long
2024-02-10 11:11:50,464 - ERROR - Unclosed client session
client_session: <aiohttp.client.ClientSession object at 0x7ff9f8c747f0>
2024-02-10 11:11:50,465 - ERROR - Unclosed connector
connections: ['[(<aiohttp.client_proto.ResponseHandler object at 0x7ff9f8c8fac0>, 100.108258475)]', '[(<aiohttp.client_proto.ResponseHandler object at 0x7ff9f8cfd600>, 101.752623328)]']
connector: <aiohttp.connector.TCPConnector object at 0x7ff9f8c74880>
2024-02-10 14:33:06,708 - ERROR - Unclosed client session
client_session: <aiohttp.client.ClientSession object at 0x000001BA8D3E0050>
2024-02-10 14:33:06,708 - ERROR - Unclosed connector
connections: ['[(<aiohttp.client_proto.ResponseHandler object at 0x000001BABD66BD90>, 14828.14)]', '[(<aiohttp.client_proto.ResponseHandler object at 0x000001BABD6C4210>, 14832.468), (<aiohttp.client_proto.ResponseHandler object at 0x000001BABD6C4360>, 14832.468), (<aiohttp.client_proto.ResponseHandler object at 0x000001BABD6C44B0>, 14832.484), (<aiohttp.client_proto.ResponseHandler object at 0x000001BABD6C42F0>, 14832.5)]']
connector: <aiohttp.connector.TCPConnector object at 0x000001BABD6A71D0>
2024-02-10 14:34:00,468 - ERROR - Unclosed client session
client_session: <aiohttp.client.ClientSession object at 0x000001A6E40D72D0>
2024-02-10 14:34:00,468 - ERROR - Unclosed connector
connections: ['[(<aiohttp.client_proto.ResponseHandler object at 0x000001A6E409FCB0>, 14883.265)]', '[(<aiohttp.client_proto.ResponseHandler object at 0x000001A6E40F42F0>, 14886.265), (<aiohttp.client_proto.ResponseHandler object at 0x000001A6E40F4130>, 14886.296), (<aiohttp.client_proto.ResponseHandler object at 0x000001A6E40F4210>, 14886.296), (<aiohttp.client_proto.ResponseHandler object at 0x000001A6E40F43D0>, 14886.296)]']
connector: <aiohttp.connector.TCPConnector object at 0x000001A6E40D7350>
2024-02-10 23:00:46,203 - INFO - XRPUSDT Finished
